14:44:33.555 [DEBUG] [org.gradle.launcher.daemon.bootstrap.DaemonMain] Assuming the daemon was started with following jvm opts: [-XX:MaxPermSize=256m, -XX:+HeapDumpOnOutOfMemoryError, -Xmx1024m, -Dfile.encoding=UTF-8, -Duser.country=US, -Duser.language=en, -Duser.variant]
14:44:33.686 [INFO] [org.gradle.launcher.daemon.server.Daemon] start() called on daemon - DefaultDaemonContext[uid=8635ee04-3225-417b-80e4-72f54ca820b2,javaHome=/Library/Java/JavaVirtualMachines/jdk1.8.0_101.jdk/Contents/Home,daemonRegistryDir=/home/APE/ape05/APE/SimpleWebApp/gradle/daemon,pid=62994,idleTimeout=60000,daemonOpts=-XX:MaxPermSize=256m,-XX:+HeapDumpOnOutOfMemoryError,-Xmx1024m,-Dfile.encoding=UTF-8,-Duser.country=US,-Duser.language=en,-Duser.variant]
14:44:33.691 [DEBUG] [org.gradle.launcher.daemon.server.DaemonStateCoordinator] updating lastActivityAt to 1484577873691
14:44:33.711 [DEBUG] [org.gradle.internal.remote.internal.inet.InetAddresses] Adding IP addresses for network interface en0
14:44:33.711 [DEBUG] [org.gradle.internal.remote.internal.inet.InetAddresses] Is this a loopback interface? false
14:44:33.712 [DEBUG] [org.gradle.internal.remote.internal.inet.InetAddresses] Is this a multicast interface? true
14:44:33.712 [DEBUG] [org.gradle.internal.remote.internal.inet.InetAddresses] Adding remote address /fe80:0:0:0:aa60:b6ff:fe01:8fa%en0
14:44:33.713 [DEBUG] [org.gradle.internal.remote.internal.inet.InetAddresses] Adding remote address /192.168.8.188
14:44:33.713 [DEBUG] [org.gradle.internal.remote.internal.inet.InetAddresses] Adding remote multicast interface en0
14:44:33.714 [DEBUG] [org.gradle.internal.remote.internal.inet.InetAddresses] Adding IP addresses for network interface lo0
14:44:33.714 [DEBUG] [org.gradle.internal.remote.internal.inet.InetAddresses] Is this a loopback interface? true
14:44:33.714 [DEBUG] [org.gradle.internal.remote.internal.inet.InetAddresses] Is this a multicast interface? true
14:44:33.715 [DEBUG] [org.gradle.internal.remote.internal.inet.InetAddresses] Ignoring remote address on loopback interface /fe80:0:0:0:0:0:0:1%lo0
14:44:33.715 [DEBUG] [org.gradle.internal.remote.internal.inet.InetAddresses] Adding loopback address /0:0:0:0:0:0:0:1
14:44:33.715 [DEBUG] [org.gradle.internal.remote.internal.inet.InetAddresses] Adding loopback address /127.0.0.1
14:44:33.715 [DEBUG] [org.gradle.internal.remote.internal.inet.InetAddresses] Adding loopback multicast interface lo0
14:44:33.719 [DEBUG] [org.gradle.internal.remote.internal.inet.TcpIncomingConnector] Listening on [fb6f8a7e-2031-4726-a260-1081e2d73cec port:60301, addresses:[/0:0:0:0:0:0:0:1, /127.0.0.1]].
14:44:33.721 [DEBUG] [org.gradle.launcher.daemon.server.Daemon] Daemon starting at: Mon Jan 16 14:44:33 GMT 2017, with address: [fb6f8a7e-2031-4726-a260-1081e2d73cec port:60301, addresses:[/0:0:0:0:0:0:0:1, /127.0.0.1]]
14:44:33.721 [INFO] [org.gradle.launcher.daemon.server.DaemonRegistryUpdater] Advertising the daemon address to the clients: [fb6f8a7e-2031-4726-a260-1081e2d73cec port:60301, addresses:[/0:0:0:0:0:0:0:1, /127.0.0.1]]
14:44:33.722 [DEBUG] [org.gradle.launcher.daemon.server.DaemonRegistryUpdater] Advertised daemon context: DefaultDaemonContext[uid=8635ee04-3225-417b-80e4-72f54ca820b2,javaHome=/Library/Java/JavaVirtualMachines/jdk1.8.0_101.jdk/Contents/Home,daemonRegistryDir=/home/APE/ape05/APE/SimpleWebApp/gradle/daemon,pid=62994,idleTimeout=60000,daemonOpts=-XX:MaxPermSize=256m,-XX:+HeapDumpOnOutOfMemoryError,-Xmx1024m,-Dfile.encoding=UTF-8,-Duser.country=US,-Duser.language=en,-Duser.variant]
14:44:33.723 [DEBUG] [org.gradle.launcher.daemon.registry.PersistentDaemonRegistry] Storing daemon address: [fb6f8a7e-2031-4726-a260-1081e2d73cec port:60301, addresses:[/0:0:0:0:0:0:0:1, /127.0.0.1]], context: DefaultDaemonContext[uid=8635ee04-3225-417b-80e4-72f54ca820b2,javaHome=/Library/Java/JavaVirtualMachines/jdk1.8.0_101.jdk/Contents/Home,daemonRegistryDir=/home/APE/ape05/APE/SimpleWebApp/gradle/daemon,pid=62994,idleTimeout=60000,daemonOpts=-XX:MaxPermSize=256m,-XX:+HeapDumpOnOutOfMemoryError,-Xmx1024m,-Dfile.encoding=UTF-8,-Duser.country=US,-Duser.language=en,-Duser.variant]
14:44:33.734 [DEBUG] [org.gradle.cache.internal.DefaultFileLockManager] Waiting to acquire exclusive lock on daemon addresses registry.
14:44:33.741 [DEBUG] [org.gradle.cache.internal.DefaultFileLockManager] Lock acquired.
14:44:33.757 [DEBUG] [org.gradle.cache.internal.DefaultFileLockManager] Releasing lock on daemon addresses registry.
14:44:33.763 [LIFECYCLE] [org.gradle.launcher.daemon.server.Daemon] Daemon server started.
14:44:33.764 [DEBUG] [org.gradle.launcher.daemon.bootstrap.DaemonStartupCommunication] Completed writing the daemon greeting. Closing streams...
14:44:33.786 [DEBUG] [org.gradle.internal.remote.internal.inet.TcpIncomingConnector] Accepted connection from /127.0.0.1:60302 to /127.0.0.1:60301.
14:44:33.863 [INFO] [org.gradle.process.internal.DefaultExecHandle] Starting process 'command '/usr/bin/vm_stat''. Working directory: /home/APE/ape05/APE/SimpleWebApp/gradle/daemon/3.2.1 Command: /usr/bin/vm_stat 
14:44:33.863 [DEBUG] [org.gradle.process.internal.DefaultExecHandle] Environment for process 'command '/usr/bin/vm_stat'': {PATH=/usr/bin:/bin:/usr/sbin:/sbin, SHELL=/bin/bash, USER=ape05, JAVA_MAIN_CLASS_62994=org.gradle.launcher.daemon.bootstrap.GradleDaemon, TMPDIR=/var/folders/kx/2fb191fx0l175hpgd_0qj6m40005x7/T/, SSH_AUTH_SOCK=/private/tmp/com.apple.launchd.QWKQeoA8R6/Listeners, DISPLAY=/private/tmp/com.apple.launchd.7Vk0MDubV0/org.macosforge.xquartz:0, XPC_FLAGS=0x0, __CF_USER_TEXT_ENCODING=0x17A7:0:0, Apple_PubSub_Socket_Render=/private/tmp/com.apple.launchd.lqemx9HaDV/Render, LOGNAME=ape05, XPC_SERVICE_NAME=com.jetbrains.intellij.ce.50592, HOME=/home/APE/ape05}
14:44:33.863 [DEBUG] [org.gradle.process.internal.DefaultExecHandle] Changing state to: STARTING
14:44:33.867 [DEBUG] [org.gradle.process.internal.DefaultExecHandle] Waiting until process started: command '/usr/bin/vm_stat'.
14:44:33.920 [DEBUG] [org.gradle.process.internal.DefaultExecHandle] Changing state to: STARTED
14:44:33.921 [DEBUG] [org.gradle.process.internal.ExecHandleRunner] waiting until streams are handled...
14:44:33.921 [DEBUG] [org.gradle.process.internal.DefaultExecHandle] Changing state to: SUCCEEDED
14:44:33.922 [DEBUG] [org.gradle.process.internal.DefaultExecHandle] Process 'command '/usr/bin/vm_stat'' finished with exit value 0 (state: SUCCEEDED)
14:44:33.923 [INFO] [org.gradle.process.internal.DefaultExecHandle] Successfully started process 'command '/usr/bin/vm_stat''
14:44:33.925 [DEBUG] [org.gradle.launcher.daemon.server.Daemon] stopOnExpiration() called on daemon
14:44:33.929 [DEBUG] [org.gradle.launcher.daemon.server.SynchronizedDispatchConnection] thread 14: received class org.gradle.launcher.daemon.protocol.Build
14:44:33.929 [DEBUG] [org.gradle.launcher.daemon.server.DefaultDaemonConnection] thread 14: Received non-IO message from client: Build{id=46ea25a1-4876-477a-9c58-51296026f40c.1, currentDir=/home/APE/ape05/APE/SimpleWebApp}
14:44:33.930 [INFO] [org.gradle.launcher.daemon.server.DefaultIncomingConnectionHandler] Received command: Build{id=46ea25a1-4876-477a-9c58-51296026f40c.1, currentDir=/home/APE/ape05/APE/SimpleWebApp}.
14:44:33.930 [DEBUG] [org.gradle.launcher.daemon.server.DefaultIncomingConnectionHandler] Starting executing command: Build{id=46ea25a1-4876-477a-9c58-51296026f40c.1, currentDir=/home/APE/ape05/APE/SimpleWebApp} with connection: socket connection from /127.0.0.1:60301 to /127.0.0.1:60302.
14:44:33.930 [DEBUG] [org.gradle.launcher.daemon.server.Daemon] awaitExpiration() called on daemon
14:44:33.932 [ERROR] [org.gradle.launcher.daemon.server.DaemonStateCoordinator] Command execution: started DaemonCommandExecution[command = Build{id=46ea25a1-4876-477a-9c58-51296026f40c.1, currentDir=/home/APE/ape05/APE/SimpleWebApp}, connection = org.gradle.launcher.daemon.server.DefaultDaemonConnection@5544305a] after 0.0 minutes of idle
14:44:33.932 [INFO] [org.gradle.launcher.daemon.server.DaemonRegistryUpdater] Marking the daemon as busy, address: [fb6f8a7e-2031-4726-a260-1081e2d73cec port:60301, addresses:[/0:0:0:0:0:0:0:1, /127.0.0.1]]
14:44:33.932 [DEBUG] [org.gradle.launcher.daemon.registry.PersistentDaemonRegistry] Marking busy by address: [fb6f8a7e-2031-4726-a260-1081e2d73cec port:60301, addresses:[/0:0:0:0:0:0:0:1, /127.0.0.1]]
14:44:33.933 [DEBUG] [org.gradle.cache.internal.DefaultFileLockManager] Waiting to acquire exclusive lock on daemon addresses registry.
14:44:33.939 [DEBUG] [org.gradle.cache.internal.DefaultFileLockManager] Lock acquired.
14:44:33.949 [DEBUG] [org.gradle.cache.internal.DefaultFileLockManager] Releasing lock on daemon addresses registry.
14:44:33.961 [DEBUG] [org.gradle.launcher.daemon.server.DaemonStateCoordinator] updating lastActivityAt to 1484577873961
14:44:33.962 [DEBUG] [org.gradle.launcher.daemon.server.DaemonStateCoordinator] daemon is running. Sleeping until state changes.
14:44:33.962 [INFO] [org.gradle.launcher.daemon.server.exec.StartBuildOrRespondWithBusy] Daemon is about to start building Build{id=46ea25a1-4876-477a-9c58-51296026f40c.1, currentDir=/home/APE/ape05/APE/SimpleWebApp}. Dispatching build started information...
14:44:33.963 [DEBUG] [org.gradle.launcher.daemon.server.SynchronizedDispatchConnection] thread 22: dispatching class org.gradle.launcher.daemon.protocol.BuildStarted
14:44:33.966 [DEBUG] [org.gradle.launcher.daemon.server.exec.EstablishBuildEnvironment] Configuring env variables: {PATH=/usr/bin:/bin:/usr/sbin:/sbin, SHELL=/bin/bash, USER=ape05, TMPDIR=/var/folders/kx/2fb191fx0l175hpgd_0qj6m40005x7/T/, SSH_AUTH_SOCK=/private/tmp/com.apple.launchd.QWKQeoA8R6/Listeners, DISPLAY=/private/tmp/com.apple.launchd.7Vk0MDubV0/org.macosforge.xquartz:0, XPC_FLAGS=0x0, __CF_USER_TEXT_ENCODING=0x17A7:0:0, Apple_PubSub_Socket_Render=/private/tmp/com.apple.launchd.lqemx9HaDV/Render, LOGNAME=ape05, XPC_SERVICE_NAME=com.jetbrains.intellij.ce.50592, HOME=/home/APE/ape05}
14:44:33.970 [DEBUG] [org.gradle.launcher.daemon.server.exec.LogToClient] About to start relaying all logs to the client via the connection.
14:44:33.971 [INFO] [org.gradle.launcher.daemon.server.exec.LogToClient] The client will now receive all logging from the daemon (pid: 62994). The daemon log file: /home/APE/ape05/APE/SimpleWebApp/gradle/daemon/3.2.1/daemon-62994.out.log
14:44:33.971 [DEBUG] [org.gradle.launcher.daemon.server.SynchronizedDispatchConnection] thread 14: received class org.gradle.launcher.daemon.protocol.CloseInput
14:44:33.971 [DEBUG] [org.gradle.launcher.daemon.server.DefaultDaemonConnection] thread 14: Received IO message from client: org.gradle.launcher.daemon.protocol.CloseInput@4a53f0a4
14:44:33.972 [INFO] [org.gradle.launcher.daemon.server.exec.LogAndCheckHealth] Starting build in new daemon [memory: 954.7 MB]
14:44:33.973 [INFO] [org.gradle.launcher.daemon.server.exec.ForwardClientInput] Closing daemon's stdin at end of input.
14:44:33.973 [INFO] [org.gradle.launcher.daemon.server.exec.ForwardClientInput] The daemon will no longer process any standard input.
14:44:33.975 [DEBUG] [org.gradle.launcher.daemon.server.exec.ExecuteBuild] The daemon has started executing the build.
14:44:33.976 [INFO] [org.gradle.launcher.daemon.server.exec.ExecuteBuild] Executing build with daemon context: DefaultDaemonContext[uid=8635ee04-3225-417b-80e4-72f54ca820b2,javaHome=/Library/Java/JavaVirtualMachines/jdk1.8.0_101.jdk/Contents/Home,daemonRegistryDir=/home/APE/ape05/APE/SimpleWebApp/gradle/daemon,pid=62994,idleTimeout=60000,daemonOpts=-XX:MaxPermSize=256m,-XX:+HeapDumpOnOutOfMemoryError,-Xmx1024m,-Dfile.encoding=UTF-8,-Duser.country=US,-Duser.language=en,-Duser.variant]

CONFIGURE SUCCESSFUL

Total time: 6.464 secs
Could not resolve: javax.servlet:servlet-api:2.5
Could not resolve: junit:junit:4.12
Could not resolve: org.eclipse.jetty:jetty-servlet:9.2.14.v20151106
14:44:38.990 [DEBUG] [org.gradle.cache.internal.DefaultCacheAccess] Cache task history cache (/home/APE/ape05/APE/SimpleWebApp/.gradle/3.2.1/taskArtifacts) was closed 0 times.
14:44:38.991 [DEBUG] [org.gradle.api.internal.artifacts.ivyservice.resolveengine.store.CachedStoreFactory] Resolution result cache closed. Cache reads: 0, disk reads: 0 (avg: 0.0 secs, total: 0.0 secs)
14:44:38.993 [DEBUG] [org.gradle.api.internal.artifacts.ivyservice.resolveengine.store.CachedStoreFactory] Resolution result cache closed. Cache reads: 28, disk reads: 6 (avg: 0.001 secs, total: 0.011 secs)
14:44:38.993 [DEBUG] [org.gradle.api.internal.artifacts.ivyservice.resolveengine.store.ResolutionResultsStoreFactory] Deleted 2 resolution results binary files in 0.003 secs
14:44:38.994 [DEBUG] [org.gradle.cache.internal.DefaultCacheAccess] Cache Plugin Resolution Cache (/home/APE/ape05/APE/SimpleWebApp/gradle/caches/3.2.1/plugin-resolution) was closed 0 times.
14:44:38.994 [DEBUG] [org.gradle.api.internal.tasks.compile.daemon.CompilerDaemonManager] Stopping 0 compiler daemon(s).
14:44:38.994 [INFO] [org.gradle.api.internal.tasks.compile.daemon.CompilerDaemonManager] Stopped 0 compiler daemon(s).
14:44:38.994 [DEBUG] [org.gradle.cache.internal.DefaultCacheAccess] Cache Generated Gradle JARs cache (/home/APE/ape05/APE/SimpleWebApp/gradle/caches/3.2.1/generated-gradle-jars) was closed 0 times.
14:44:38.995 [DEBUG] [org.gradle.cache.internal.LockOnDemandCrossProcessCacheAccess] Releasing file lock for artifact cache (/home/APE/ape05/APE/SimpleWebApp/gradle/caches/modules-2)
14:44:38.995 [DEBUG] [org.gradle.cache.internal.btree.BTreePersistentIndexedCache] Closing cache module-metadata.bin (/home/APE/ape05/APE/SimpleWebApp/gradle/caches/modules-2/metadata-2.23/module-metadata.bin)
14:44:38.996 [DEBUG] [org.gradle.cache.internal.DefaultFileLockManager] Releasing lock on artifact cache (/home/APE/ape05/APE/SimpleWebApp/gradle/caches/modules-2).
14:44:39.002 [DEBUG] [org.gradle.launcher.daemon.server.exec.ExecuteBuild] The daemon has finished executing the build.
14:44:39.014 [DEBUG] [org.gradle.launcher.daemon.server.DaemonStateCoordinator] daemon is running. Sleeping until state changes.
14:44:39.014 [DEBUG] [org.gradle.launcher.daemon.server.DaemonStateCoordinator] Command execution: finished waiting for DaemonCommandExecution[command = Build{id=46ea25a1-4876-477a-9c58-51296026f40c.1, currentDir=/home/APE/ape05/APE/SimpleWebApp}, connection = org.gradle.launcher.daemon.server.DefaultDaemonConnection@5544305a]. Result org.gradle.launcher.daemon.server.DaemonStateCoordinator@e2e6a4c with state Busy
14:44:39.014 [DEBUG] [org.gradle.launcher.daemon.server.DaemonStateCoordinator] Command execution: completed DaemonCommandExecution[command = Build{id=46ea25a1-4876-477a-9c58-51296026f40c.1, currentDir=/home/APE/ape05/APE/SimpleWebApp}, connection = org.gradle.launcher.daemon.server.DefaultDaemonConnection@5544305a]
14:44:39.014 [DEBUG] [org.gradle.launcher.daemon.server.DaemonStateCoordinator] updating lastActivityAt to 1484577879014
14:44:39.015 [INFO] [org.gradle.launcher.daemon.server.DaemonRegistryUpdater] Marking the daemon as idle, address: [fb6f8a7e-2031-4726-a260-1081e2d73cec port:60301, addresses:[/0:0:0:0:0:0:0:1, /127.0.0.1]]
14:44:39.015 [DEBUG] [org.gradle.launcher.daemon.registry.PersistentDaemonRegistry] Marking busy by address: [fb6f8a7e-2031-4726-a260-1081e2d73cec port:60301, addresses:[/0:0:0:0:0:0:0:1, /127.0.0.1]]
14:44:39.016 [DEBUG] [org.gradle.cache.internal.DefaultFileLockManager] Waiting to acquire exclusive lock on daemon addresses registry.
14:44:39.022 [DEBUG] [org.gradle.cache.internal.DefaultFileLockManager] Lock acquired.
14:44:39.032 [DEBUG] [org.gradle.cache.internal.DefaultFileLockManager] Releasing lock on daemon addresses registry.
14:44:39.039 [DEBUG] [org.gradle.launcher.daemon.server.DaemonStateCoordinator] daemon is running. Sleeping until state changes.
14:44:39.039 [DEBUG] [org.gradle.launcher.daemon.server.exec.ReturnResult] Daemon is dispatching the build result: Success[value=org.gradle.tooling.internal.provider.BuildActionResult@69e62d90]
14:44:39.039 [DEBUG] [org.gradle.launcher.daemon.server.SynchronizedDispatchConnection] thread 13: dispatching class org.gradle.launcher.daemon.protocol.Success
14:44:39.047 [DEBUG] [org.gradle.launcher.daemon.server.DefaultIncomingConnectionHandler] Finishing executing command: Build{id=46ea25a1-4876-477a-9c58-51296026f40c.1, currentDir=/home/APE/ape05/APE/SimpleWebApp}
14:44:39.064 [DEBUG] [org.gradle.launcher.daemon.server.SynchronizedDispatchConnection] thread 14: received class org.gradle.launcher.daemon.protocol.Finished
14:44:39.064 [DEBUG] [org.gradle.launcher.daemon.server.DefaultDaemonConnection] thread 14: Received non-IO message from client: org.gradle.launcher.daemon.protocol.Finished@588e7d5a
14:44:39.064 [DEBUG] [org.gradle.internal.remote.internal.inet.SocketConnection] Discarding EOFException: java.io.EOFException
14:44:39.064 [DEBUG] [org.gradle.launcher.daemon.server.SynchronizedDispatchConnection] thread 14: received null
14:44:39.065 [DEBUG] [org.gradle.launcher.daemon.server.DefaultDaemonConnection] thread 14: Received end-of-input from client.
14:44:39.072 [DEBUG] [org.gradle.launcher.daemon.server.DefaultIncomingConnectionHandler] Received finished message: null
14:44:39.072 [DEBUG] [org.gradle.launcher.daemon.server.SynchronizedDispatchConnection] thread 13: stopping connection
14:44:39.075 [DEBUG] [org.gradle.launcher.daemon.server.SynchronizedDispatchConnection] thread 13: stopping connection
14:44:43.927 [DEBUG] [org.gradle.launcher.daemon.server.Daemon] DaemonExpirationPeriodicCheck running
14:44:43.943 [DEBUG] [org.gradle.cache.internal.DefaultFileLockManager] Waiting to acquire shared lock on daemon addresses registry.
14:44:43.945 [DEBUG] [org.gradle.cache.internal.DefaultFileLockManager] Lock acquired.
14:44:43.947 [DEBUG] [org.gradle.cache.internal.DefaultFileLockManager] Releasing lock on daemon addresses registry.
14:44:43.952 [DEBUG] [org.gradle.cache.internal.DefaultFileLockManager] Waiting to acquire shared lock on daemon addresses registry.
14:44:43.953 [DEBUG] [org.gradle.cache.internal.DefaultFileLockManager] Lock acquired.
14:44:43.957 [DEBUG] [org.gradle.cache.internal.DefaultFileLockManager] Releasing lock on daemon addresses registry.
14:44:53.927 [DEBUG] [org.gradle.launcher.daemon.server.Daemon] DaemonExpirationPeriodicCheck running
14:44:53.928 [DEBUG] [org.gradle.cache.internal.DefaultFileLockManager] Waiting to acquire shared lock on daemon addresses registry.
14:44:53.929 [DEBUG] [org.gradle.cache.internal.DefaultFileLockManager] Lock acquired.
14:44:53.930 [DEBUG] [org.gradle.cache.internal.DefaultFileLockManager] Releasing lock on daemon addresses registry.
14:44:53.931 [INFO] [org.gradle.launcher.daemon.server.DaemonIdleTimeoutExpirationStrategy] Idle timeout: daemon has been idle for 14917 milliseconds. Expiring.
14:44:53.932 [DEBUG] [org.gradle.cache.internal.DefaultFileLockManager] Waiting to acquire shared lock on daemon addresses registry.
14:44:53.932 [DEBUG] [org.gradle.cache.internal.DefaultFileLockManager] Lock acquired.
14:44:53.933 [DEBUG] [org.gradle.cache.internal.DefaultFileLockManager] Releasing lock on daemon addresses registry.
14:44:53.934 [DEBUG] [org.gradle.cache.internal.DefaultFileLockManager] Waiting to acquire shared lock on daemon addresses registry.
14:44:53.935 [DEBUG] [org.gradle.cache.internal.DefaultFileLockManager] Lock acquired.
14:44:53.936 [DEBUG] [org.gradle.cache.internal.DefaultFileLockManager] Releasing lock on daemon addresses registry.
14:45:03.929 [DEBUG] [org.gradle.launcher.daemon.server.Daemon] DaemonExpirationPeriodicCheck running
14:45:03.932 [DEBUG] [org.gradle.cache.internal.DefaultFileLockManager] Waiting to acquire shared lock on daemon addresses registry.
14:45:03.933 [DEBUG] [org.gradle.cache.internal.DefaultFileLockManager] Lock acquired.
14:45:03.934 [DEBUG] [org.gradle.cache.internal.DefaultFileLockManager] Releasing lock on daemon addresses registry.
14:45:03.936 [INFO] [org.gradle.launcher.daemon.server.DaemonIdleTimeoutExpirationStrategy] Idle timeout: daemon has been idle for 24921 milliseconds. Expiring.
14:45:03.936 [DEBUG] [org.gradle.cache.internal.DefaultFileLockManager] Waiting to acquire shared lock on daemon addresses registry.
14:45:03.937 [DEBUG] [org.gradle.cache.internal.DefaultFileLockManager] Lock acquired.
14:45:03.939 [DEBUG] [org.gradle.cache.internal.DefaultFileLockManager] Releasing lock on daemon addresses registry.
14:45:03.940 [DEBUG] [org.gradle.cache.internal.DefaultFileLockManager] Waiting to acquire shared lock on daemon addresses registry.
14:45:03.941 [DEBUG] [org.gradle.cache.internal.DefaultFileLockManager] Lock acquired.
14:45:03.942 [DEBUG] [org.gradle.cache.internal.DefaultFileLockManager] Releasing lock on daemon addresses registry.
14:45:13.929 [DEBUG] [org.gradle.launcher.daemon.server.Daemon] DaemonExpirationPeriodicCheck running
14:45:13.935 [DEBUG] [org.gradle.cache.internal.DefaultFileLockManager] Waiting to acquire shared lock on daemon addresses registry.
14:45:13.936 [DEBUG] [org.gradle.cache.internal.DefaultFileLockManager] Lock acquired.
14:45:13.937 [DEBUG] [org.gradle.cache.internal.DefaultFileLockManager] Releasing lock on daemon addresses registry.
14:45:13.938 [INFO] [org.gradle.launcher.daemon.server.DaemonIdleTimeoutExpirationStrategy] Idle timeout: daemon has been idle for 34924 milliseconds. Expiring.
14:45:13.939 [DEBUG] [org.gradle.cache.internal.DefaultFileLockManager] Waiting to acquire shared lock on daemon addresses registry.
14:45:13.939 [DEBUG] [org.gradle.cache.internal.DefaultFileLockManager] Lock acquired.
14:45:13.940 [DEBUG] [org.gradle.cache.internal.DefaultFileLockManager] Releasing lock on daemon addresses registry.
14:45:13.942 [DEBUG] [org.gradle.cache.internal.DefaultFileLockManager] Waiting to acquire shared lock on daemon addresses registry.
14:45:13.943 [DEBUG] [org.gradle.cache.internal.DefaultFileLockManager] Lock acquired.
14:45:13.944 [DEBUG] [org.gradle.cache.internal.DefaultFileLockManager] Releasing lock on daemon addresses registry.
14:45:23.927 [DEBUG] [org.gradle.launcher.daemon.server.Daemon] DaemonExpirationPeriodicCheck running
14:45:23.930 [DEBUG] [org.gradle.cache.internal.DefaultFileLockManager] Waiting to acquire shared lock on daemon addresses registry.
14:45:23.933 [DEBUG] [org.gradle.cache.internal.DefaultFileLockManager] Lock acquired.
14:45:23.933 [DEBUG] [org.gradle.cache.internal.DefaultFileLockManager] Releasing lock on daemon addresses registry.
14:45:23.934 [INFO] [org.gradle.launcher.daemon.server.DaemonIdleTimeoutExpirationStrategy] Idle timeout: daemon has been idle for 44920 milliseconds. Expiring.
14:45:23.935 [DEBUG] [org.gradle.cache.internal.DefaultFileLockManager] Waiting to acquire shared lock on daemon addresses registry.
14:45:23.936 [DEBUG] [org.gradle.cache.internal.DefaultFileLockManager] Lock acquired.
14:45:23.937 [DEBUG] [org.gradle.cache.internal.DefaultFileLockManager] Releasing lock on daemon addresses registry.
14:45:23.938 [DEBUG] [org.gradle.cache.internal.DefaultFileLockManager] Waiting to acquire shared lock on daemon addresses registry.
14:45:23.939 [DEBUG] [org.gradle.cache.internal.DefaultFileLockManager] Lock acquired.
14:45:23.940 [DEBUG] [org.gradle.cache.internal.DefaultFileLockManager] Releasing lock on daemon addresses registry.
14:45:33.929 [DEBUG] [org.gradle.launcher.daemon.server.Daemon] DaemonExpirationPeriodicCheck running
14:45:33.932 [DEBUG] [org.gradle.cache.internal.DefaultFileLockManager] Waiting to acquire shared lock on daemon addresses registry.
14:45:33.932 [DEBUG] [org.gradle.cache.internal.DefaultFileLockManager] Lock acquired.
14:45:33.933 [DEBUG] [org.gradle.cache.internal.DefaultFileLockManager] Releasing lock on daemon addresses registry.
14:45:33.934 [INFO] [org.gradle.launcher.daemon.server.DaemonIdleTimeoutExpirationStrategy] Idle timeout: daemon has been idle for 54920 milliseconds. Expiring.
14:45:33.935 [DEBUG] [org.gradle.cache.internal.DefaultFileLockManager] Waiting to acquire shared lock on daemon addresses registry.
14:45:33.936 [DEBUG] [org.gradle.cache.internal.DefaultFileLockManager] Lock acquired.
14:45:33.936 [DEBUG] [org.gradle.cache.internal.DefaultFileLockManager] Releasing lock on daemon addresses registry.
14:45:33.938 [DEBUG] [org.gradle.cache.internal.DefaultFileLockManager] Waiting to acquire shared lock on daemon addresses registry.
14:45:33.938 [DEBUG] [org.gradle.cache.internal.DefaultFileLockManager] Lock acquired.
14:45:33.939 [DEBUG] [org.gradle.cache.internal.DefaultFileLockManager] Releasing lock on daemon addresses registry.
14:45:43.929 [DEBUG] [org.gradle.launcher.daemon.server.Daemon] DaemonExpirationPeriodicCheck running
14:45:43.933 [DEBUG] [org.gradle.cache.internal.DefaultFileLockManager] Waiting to acquire shared lock on daemon addresses registry.
14:45:43.934 [DEBUG] [org.gradle.cache.internal.DefaultFileLockManager] Lock acquired.
14:45:43.935 [DEBUG] [org.gradle.cache.internal.DefaultFileLockManager] Releasing lock on daemon addresses registry.
14:45:43.936 [INFO] [org.gradle.launcher.daemon.server.DaemonIdleTimeoutExpirationStrategy] Idle timeout: daemon has been idle for 64922 milliseconds. Expiring.
14:45:43.936 [INFO] [org.gradle.launcher.daemon.server.DaemonIdleTimeoutExpirationStrategy] Idle timeout: daemon has been idle for 64922 milliseconds. Expiring.
14:45:43.938 [DEBUG] [org.gradle.cache.internal.DefaultFileLockManager] Waiting to acquire shared lock on daemon addresses registry.
14:45:43.938 [DEBUG] [org.gradle.cache.internal.DefaultFileLockManager] Lock acquired.
14:45:43.939 [DEBUG] [org.gradle.cache.internal.DefaultFileLockManager] Releasing lock on daemon addresses registry.
14:45:43.940 [DEBUG] [org.gradle.cache.internal.DefaultFileLockManager] Waiting to acquire shared lock on daemon addresses registry.
14:45:43.941 [DEBUG] [org.gradle.cache.internal.DefaultFileLockManager] Lock acquired.
14:45:43.942 [DEBUG] [org.gradle.cache.internal.DefaultFileLockManager] Releasing lock on daemon addresses registry.
14:45:43.943 [LIFECYCLE] [org.gradle.launcher.daemon.server.DaemonStateCoordinator] Daemon will be stopped at the end of the build after being idle for 1 minutes
14:45:43.943 [DEBUG] [org.gradle.launcher.daemon.server.DaemonStateCoordinator] Marking daemon stopped due to after being idle for 1 minutes. The daemon is running a build: false
14:45:43.943 [DEBUG] [org.gradle.launcher.daemon.server.DaemonStateCoordinator] daemon has stopped.
14:45:43.943 [DEBUG] [org.gradle.launcher.daemon.server.Daemon] stop() called on daemon
14:45:43.943 [INFO] [org.gradle.launcher.daemon.server.Daemon] Stop requested. Daemon is removing its presence from the registry...
14:45:43.944 [DEBUG] [org.gradle.launcher.daemon.server.DaemonRegistryUpdater] Removing our presence to clients, eg. removing this address from the registry: [fb6f8a7e-2031-4726-a260-1081e2d73cec port:60301, addresses:[/0:0:0:0:0:0:0:1, /127.0.0.1]]
14:45:43.944 [DEBUG] [org.gradle.launcher.daemon.registry.PersistentDaemonRegistry] Removing daemon address: [fb6f8a7e-2031-4726-a260-1081e2d73cec port:60301, addresses:[/0:0:0:0:0:0:0:1, /127.0.0.1]]
14:45:43.946 [DEBUG] [org.gradle.cache.internal.DefaultFileLockManager] Waiting to acquire exclusive lock on daemon addresses registry.
14:45:43.951 [DEBUG] [org.gradle.cache.internal.DefaultFileLockManager] Lock acquired.
14:45:43.961 [DEBUG] [org.gradle.cache.internal.DefaultFileLockManager] Releasing lock on daemon addresses registry.
14:45:43.980 [DEBUG] [org.gradle.launcher.daemon.server.DaemonRegistryUpdater] Address removed from registry.
Daemon vm is shutting down... The daemon has exited normally or was terminated in response to a user interrupt.
14:45:43.982 [DEBUG] [org.gradle.launcher.daemon.registry.PersistentDaemonRegistry] Removing daemon address: [fb6f8a7e-2031-4726-a260-1081e2d73cec port:60301, addresses:[/0:0:0:0:0:0:0:1, /127.0.0.1]]
14:45:43.984 [DEBUG] [org.gradle.cache.internal.DefaultFileLockManager] Waiting to acquire exclusive lock on daemon addresses registry.
14:45:43.998 [DEBUG] [org.gradle.cache.internal.DefaultFileLockManager] Lock acquired.
14:45:44.005 [DEBUG] [org.gradle.cache.internal.DefaultFileLockManager] Releasing lock on daemon addresses registry.
