14:46:06.874 [DEBUG] [org.gradle.launcher.daemon.bootstrap.DaemonMain] Assuming the daemon was started with following jvm opts: [-XX:MaxPermSize=256m, -XX:+HeapDumpOnOutOfMemoryError, -Xmx1024m, -Dfile.encoding=UTF-8, -Duser.country=US, -Duser.language=en, -Duser.variant]
14:46:06.943 [INFO] [org.gradle.launcher.daemon.server.Daemon] start() called on daemon - DefaultDaemonContext[uid=a78632db-fcc6-4a46-ab84-89636157f7a7,javaHome=/Library/Java/JavaVirtualMachines/jdk1.8.0_101.jdk/Contents/Home,daemonRegistryDir=/home/APE/ape05/APE/SimpleWebApp/gradle/daemon,pid=63036,idleTimeout=60000,daemonOpts=-XX:MaxPermSize=256m,-XX:+HeapDumpOnOutOfMemoryError,-Xmx1024m,-Dfile.encoding=UTF-8,-Duser.country=US,-Duser.language=en,-Duser.variant]
14:46:06.946 [DEBUG] [org.gradle.launcher.daemon.server.DaemonStateCoordinator] updating lastActivityAt to 1484577966946
14:46:06.962 [DEBUG] [org.gradle.internal.remote.internal.inet.InetAddresses] Adding IP addresses for network interface en0
14:46:06.962 [DEBUG] [org.gradle.internal.remote.internal.inet.InetAddresses] Is this a loopback interface? false
14:46:06.963 [DEBUG] [org.gradle.internal.remote.internal.inet.InetAddresses] Is this a multicast interface? true
14:46:06.963 [DEBUG] [org.gradle.internal.remote.internal.inet.InetAddresses] Adding remote address /fe80:0:0:0:aa60:b6ff:fe01:8fa%en0
14:46:06.964 [DEBUG] [org.gradle.internal.remote.internal.inet.InetAddresses] Adding remote address /192.168.8.188
14:46:06.964 [DEBUG] [org.gradle.internal.remote.internal.inet.InetAddresses] Adding remote multicast interface en0
14:46:06.965 [DEBUG] [org.gradle.internal.remote.internal.inet.InetAddresses] Adding IP addresses for network interface lo0
14:46:06.966 [DEBUG] [org.gradle.internal.remote.internal.inet.InetAddresses] Is this a loopback interface? true
14:46:06.966 [DEBUG] [org.gradle.internal.remote.internal.inet.InetAddresses] Is this a multicast interface? true
14:46:06.967 [DEBUG] [org.gradle.internal.remote.internal.inet.InetAddresses] Ignoring remote address on loopback interface /fe80:0:0:0:0:0:0:1%lo0
14:46:06.967 [DEBUG] [org.gradle.internal.remote.internal.inet.InetAddresses] Adding loopback address /0:0:0:0:0:0:0:1
14:46:06.967 [DEBUG] [org.gradle.internal.remote.internal.inet.InetAddresses] Adding loopback address /127.0.0.1
14:46:06.967 [DEBUG] [org.gradle.internal.remote.internal.inet.InetAddresses] Adding loopback multicast interface lo0
14:46:06.970 [DEBUG] [org.gradle.internal.remote.internal.inet.TcpIncomingConnector] Listening on [ba0d6616-4747-4fca-9779-d9d50854b706 port:60400, addresses:[/0:0:0:0:0:0:0:1, /127.0.0.1]].
14:46:06.972 [DEBUG] [org.gradle.launcher.daemon.server.Daemon] Daemon starting at: Mon Jan 16 14:46:06 GMT 2017, with address: [ba0d6616-4747-4fca-9779-d9d50854b706 port:60400, addresses:[/0:0:0:0:0:0:0:1, /127.0.0.1]]
14:46:06.972 [INFO] [org.gradle.launcher.daemon.server.DaemonRegistryUpdater] Advertising the daemon address to the clients: [ba0d6616-4747-4fca-9779-d9d50854b706 port:60400, addresses:[/0:0:0:0:0:0:0:1, /127.0.0.1]]
14:46:06.973 [DEBUG] [org.gradle.launcher.daemon.server.DaemonRegistryUpdater] Advertised daemon context: DefaultDaemonContext[uid=a78632db-fcc6-4a46-ab84-89636157f7a7,javaHome=/Library/Java/JavaVirtualMachines/jdk1.8.0_101.jdk/Contents/Home,daemonRegistryDir=/home/APE/ape05/APE/SimpleWebApp/gradle/daemon,pid=63036,idleTimeout=60000,daemonOpts=-XX:MaxPermSize=256m,-XX:+HeapDumpOnOutOfMemoryError,-Xmx1024m,-Dfile.encoding=UTF-8,-Duser.country=US,-Duser.language=en,-Duser.variant]
14:46:06.974 [DEBUG] [org.gradle.launcher.daemon.registry.PersistentDaemonRegistry] Storing daemon address: [ba0d6616-4747-4fca-9779-d9d50854b706 port:60400, addresses:[/0:0:0:0:0:0:0:1, /127.0.0.1]], context: DefaultDaemonContext[uid=a78632db-fcc6-4a46-ab84-89636157f7a7,javaHome=/Library/Java/JavaVirtualMachines/jdk1.8.0_101.jdk/Contents/Home,daemonRegistryDir=/home/APE/ape05/APE/SimpleWebApp/gradle/daemon,pid=63036,idleTimeout=60000,daemonOpts=-XX:MaxPermSize=256m,-XX:+HeapDumpOnOutOfMemoryError,-Xmx1024m,-Dfile.encoding=UTF-8,-Duser.country=US,-Duser.language=en,-Duser.variant]
14:46:06.982 [DEBUG] [org.gradle.cache.internal.DefaultFileLockManager] Waiting to acquire exclusive lock on daemon addresses registry.
14:46:06.990 [DEBUG] [org.gradle.cache.internal.DefaultFileLockManager] Lock acquired.
14:46:07.046 [DEBUG] [org.gradle.cache.internal.DefaultFileLockManager] Releasing lock on daemon addresses registry.
14:46:07.053 [LIFECYCLE] [org.gradle.launcher.daemon.server.Daemon] Daemon server started.
14:46:07.054 [DEBUG] [org.gradle.launcher.daemon.bootstrap.DaemonStartupCommunication] Completed writing the daemon greeting. Closing streams...
14:46:07.064 [DEBUG] [org.gradle.internal.remote.internal.inet.TcpIncomingConnector] Accepted connection from /127.0.0.1:60401 to /127.0.0.1:60400.
14:46:07.134 [INFO] [org.gradle.process.internal.DefaultExecHandle] Starting process 'command '/usr/bin/vm_stat''. Working directory: /home/APE/ape05/APE/SimpleWebApp/gradle/daemon/3.2.1 Command: /usr/bin/vm_stat 
14:46:07.135 [DEBUG] [org.gradle.process.internal.DefaultExecHandle] Environment for process 'command '/usr/bin/vm_stat'': {PATH=/usr/bin:/bin:/usr/sbin:/sbin, SHELL=/bin/bash, USER=ape05, JAVA_MAIN_CLASS_63036=org.gradle.launcher.daemon.bootstrap.GradleDaemon, TMPDIR=/var/folders/kx/2fb191fx0l175hpgd_0qj6m40005x7/T/, SSH_AUTH_SOCK=/private/tmp/com.apple.launchd.QWKQeoA8R6/Listeners, DISPLAY=/private/tmp/com.apple.launchd.7Vk0MDubV0/org.macosforge.xquartz:0, XPC_FLAGS=0x0, __CF_USER_TEXT_ENCODING=0x17A7:0:0, Apple_PubSub_Socket_Render=/private/tmp/com.apple.launchd.lqemx9HaDV/Render, LOGNAME=ape05, XPC_SERVICE_NAME=com.jetbrains.intellij.ce.50592, HOME=/home/APE/ape05}
14:46:07.135 [DEBUG] [org.gradle.launcher.daemon.server.SynchronizedDispatchConnection] thread 14: received class org.gradle.launcher.daemon.protocol.Build
14:46:07.135 [DEBUG] [org.gradle.process.internal.DefaultExecHandle] Changing state to: STARTING
14:46:07.135 [DEBUG] [org.gradle.launcher.daemon.server.DefaultDaemonConnection] thread 14: Received non-IO message from client: Build{id=8bf29de4-ca2a-4475-a35c-995b4f469eac.1, currentDir=/home/APE/ape05/APE/SimpleWebApp}
14:46:07.136 [INFO] [org.gradle.launcher.daemon.server.DefaultIncomingConnectionHandler] Received command: Build{id=8bf29de4-ca2a-4475-a35c-995b4f469eac.1, currentDir=/home/APE/ape05/APE/SimpleWebApp}.
14:46:07.136 [DEBUG] [org.gradle.launcher.daemon.server.DefaultIncomingConnectionHandler] Starting executing command: Build{id=8bf29de4-ca2a-4475-a35c-995b4f469eac.1, currentDir=/home/APE/ape05/APE/SimpleWebApp} with connection: socket connection from /127.0.0.1:60400 to /127.0.0.1:60401.
14:46:07.141 [DEBUG] [org.gradle.process.internal.DefaultExecHandle] Waiting until process started: command '/usr/bin/vm_stat'.
14:46:07.142 [ERROR] [org.gradle.launcher.daemon.server.DaemonStateCoordinator] Command execution: started DaemonCommandExecution[command = Build{id=8bf29de4-ca2a-4475-a35c-995b4f469eac.1, currentDir=/home/APE/ape05/APE/SimpleWebApp}, connection = org.gradle.launcher.daemon.server.DefaultDaemonConnection@5a717d9a] after 0.0 minutes of idle
14:46:07.143 [INFO] [org.gradle.launcher.daemon.server.DaemonRegistryUpdater] Marking the daemon as busy, address: [ba0d6616-4747-4fca-9779-d9d50854b706 port:60400, addresses:[/0:0:0:0:0:0:0:1, /127.0.0.1]]
14:46:07.143 [DEBUG] [org.gradle.launcher.daemon.registry.PersistentDaemonRegistry] Marking busy by address: [ba0d6616-4747-4fca-9779-d9d50854b706 port:60400, addresses:[/0:0:0:0:0:0:0:1, /127.0.0.1]]
14:46:07.145 [DEBUG] [org.gradle.cache.internal.DefaultFileLockManager] Waiting to acquire exclusive lock on daemon addresses registry.
14:46:07.152 [DEBUG] [org.gradle.cache.internal.DefaultFileLockManager] Lock acquired.
14:46:07.160 [DEBUG] [org.gradle.process.internal.DefaultExecHandle] Changing state to: STARTED
14:46:07.160 [DEBUG] [org.gradle.process.internal.ExecHandleRunner] waiting until streams are handled...
14:46:07.160 [INFO] [org.gradle.process.internal.DefaultExecHandle] Successfully started process 'command '/usr/bin/vm_stat''
14:46:07.162 [DEBUG] [org.gradle.process.internal.DefaultExecHandle] Changing state to: SUCCEEDED
14:46:07.163 [DEBUG] [org.gradle.process.internal.DefaultExecHandle] Process 'command '/usr/bin/vm_stat'' finished with exit value 0 (state: SUCCEEDED)
14:46:07.164 [DEBUG] [org.gradle.cache.internal.DefaultFileLockManager] Releasing lock on daemon addresses registry.
14:46:07.165 [DEBUG] [org.gradle.launcher.daemon.server.Daemon] stopOnExpiration() called on daemon
14:46:07.166 [DEBUG] [org.gradle.launcher.daemon.server.Daemon] awaitExpiration() called on daemon
14:46:07.173 [DEBUG] [org.gradle.launcher.daemon.server.DaemonStateCoordinator] updating lastActivityAt to 1484577967173
14:46:07.173 [DEBUG] [org.gradle.launcher.daemon.server.DaemonStateCoordinator] daemon is running. Sleeping until state changes.
14:46:07.174 [INFO] [org.gradle.launcher.daemon.server.exec.StartBuildOrRespondWithBusy] Daemon is about to start building Build{id=8bf29de4-ca2a-4475-a35c-995b4f469eac.1, currentDir=/home/APE/ape05/APE/SimpleWebApp}. Dispatching build started information...
14:46:07.174 [DEBUG] [org.gradle.launcher.daemon.server.SynchronizedDispatchConnection] thread 22: dispatching class org.gradle.launcher.daemon.protocol.BuildStarted
14:46:07.178 [DEBUG] [org.gradle.launcher.daemon.server.exec.EstablishBuildEnvironment] Configuring env variables: {PATH=/usr/bin:/bin:/usr/sbin:/sbin, SHELL=/bin/bash, USER=ape05, TMPDIR=/var/folders/kx/2fb191fx0l175hpgd_0qj6m40005x7/T/, SSH_AUTH_SOCK=/private/tmp/com.apple.launchd.QWKQeoA8R6/Listeners, DISPLAY=/private/tmp/com.apple.launchd.7Vk0MDubV0/org.macosforge.xquartz:0, XPC_FLAGS=0x0, __CF_USER_TEXT_ENCODING=0x17A7:0:0, Apple_PubSub_Socket_Render=/private/tmp/com.apple.launchd.lqemx9HaDV/Render, LOGNAME=ape05, XPC_SERVICE_NAME=com.jetbrains.intellij.ce.50592, HOME=/home/APE/ape05}
14:46:07.181 [DEBUG] [org.gradle.launcher.daemon.server.SynchronizedDispatchConnection] thread 14: received class org.gradle.launcher.daemon.protocol.CloseInput
14:46:07.182 [DEBUG] [org.gradle.launcher.daemon.server.DefaultDaemonConnection] thread 14: Received IO message from client: org.gradle.launcher.daemon.protocol.CloseInput@5d2fdcf9
14:46:07.182 [DEBUG] [org.gradle.launcher.daemon.server.exec.LogToClient] About to start relaying all logs to the client via the connection.
14:46:07.183 [INFO] [org.gradle.launcher.daemon.server.exec.LogToClient] The client will now receive all logging from the daemon (pid: 63036). The daemon log file: /home/APE/ape05/APE/SimpleWebApp/gradle/daemon/3.2.1/daemon-63036.out.log
14:46:07.184 [INFO] [org.gradle.launcher.daemon.server.exec.LogAndCheckHealth] Starting build in new daemon [memory: 954.7 MB]
14:46:07.185 [INFO] [org.gradle.launcher.daemon.server.exec.ForwardClientInput] Closing daemon's stdin at end of input.
14:46:07.185 [INFO] [org.gradle.launcher.daemon.server.exec.ForwardClientInput] The daemon will no longer process any standard input.
14:46:07.187 [DEBUG] [org.gradle.launcher.daemon.server.exec.ExecuteBuild] The daemon has started executing the build.
14:46:07.187 [INFO] [org.gradle.launcher.daemon.server.exec.ExecuteBuild] Executing build with daemon context: DefaultDaemonContext[uid=a78632db-fcc6-4a46-ab84-89636157f7a7,javaHome=/Library/Java/JavaVirtualMachines/jdk1.8.0_101.jdk/Contents/Home,daemonRegistryDir=/home/APE/ape05/APE/SimpleWebApp/gradle/daemon,pid=63036,idleTimeout=60000,daemonOpts=-XX:MaxPermSize=256m,-XX:+HeapDumpOnOutOfMemoryError,-Xmx1024m,-Dfile.encoding=UTF-8,-Duser.country=US,-Duser.language=en,-Duser.variant]

CONFIGURE SUCCESSFUL

Total time: 3.279 secs
Could not resolve: javax.servlet:servlet-api:2.5
Could not resolve: junit:junit:4.12
Could not resolve: org.eclipse.jetty:jetty-servlet:9.2.14.v20151106
14:46:09.961 [DEBUG] [org.gradle.cache.internal.DefaultCacheAccess] Cache task history cache (/home/APE/ape05/APE/SimpleWebApp/.gradle/3.2.1/taskArtifacts) was closed 0 times.
14:46:09.963 [DEBUG] [org.gradle.api.internal.artifacts.ivyservice.resolveengine.store.CachedStoreFactory] Resolution result cache closed. Cache reads: 0, disk reads: 0 (avg: 0.0 secs, total: 0.0 secs)
14:46:09.963 [DEBUG] [org.gradle.api.internal.artifacts.ivyservice.resolveengine.store.CachedStoreFactory] Resolution result cache closed. Cache reads: 28, disk reads: 6 (avg: 0.002 secs, total: 0.013 secs)
14:46:09.963 [DEBUG] [org.gradle.api.internal.artifacts.ivyservice.resolveengine.store.ResolutionResultsStoreFactory] Deleted 2 resolution results binary files in 0.001 secs
14:46:09.964 [DEBUG] [org.gradle.cache.internal.DefaultCacheAccess] Cache Plugin Resolution Cache (/home/APE/ape05/APE/SimpleWebApp/gradle/caches/3.2.1/plugin-resolution) was closed 0 times.
14:46:09.964 [DEBUG] [org.gradle.api.internal.tasks.compile.daemon.CompilerDaemonManager] Stopping 0 compiler daemon(s).
14:46:09.964 [INFO] [org.gradle.api.internal.tasks.compile.daemon.CompilerDaemonManager] Stopped 0 compiler daemon(s).
14:46:09.964 [DEBUG] [org.gradle.cache.internal.DefaultCacheAccess] Cache Generated Gradle JARs cache (/home/APE/ape05/APE/SimpleWebApp/gradle/caches/3.2.1/generated-gradle-jars) was closed 0 times.
14:46:09.965 [DEBUG] [org.gradle.cache.internal.LockOnDemandCrossProcessCacheAccess] Releasing file lock for artifact cache (/home/APE/ape05/APE/SimpleWebApp/gradle/caches/modules-2)
14:46:09.965 [DEBUG] [org.gradle.cache.internal.btree.BTreePersistentIndexedCache] Closing cache module-metadata.bin (/home/APE/ape05/APE/SimpleWebApp/gradle/caches/modules-2/metadata-2.23/module-metadata.bin)
14:46:09.965 [DEBUG] [org.gradle.cache.internal.DefaultFileLockManager] Releasing lock on artifact cache (/home/APE/ape05/APE/SimpleWebApp/gradle/caches/modules-2).
14:46:10.398 [DEBUG] [org.gradle.launcher.daemon.server.exec.ExecuteBuild] The daemon has finished executing the build.
14:46:10.409 [DEBUG] [org.gradle.launcher.daemon.server.DaemonStateCoordinator] daemon is running. Sleeping until state changes.
14:46:10.409 [DEBUG] [org.gradle.launcher.daemon.server.DaemonStateCoordinator] Command execution: finished waiting for DaemonCommandExecution[command = Build{id=8bf29de4-ca2a-4475-a35c-995b4f469eac.1, currentDir=/home/APE/ape05/APE/SimpleWebApp}, connection = org.gradle.launcher.daemon.server.DefaultDaemonConnection@5a717d9a]. Result org.gradle.launcher.daemon.server.DaemonStateCoordinator@74a74ab3 with state Busy
14:46:10.409 [DEBUG] [org.gradle.launcher.daemon.server.DaemonStateCoordinator] Command execution: completed DaemonCommandExecution[command = Build{id=8bf29de4-ca2a-4475-a35c-995b4f469eac.1, currentDir=/home/APE/ape05/APE/SimpleWebApp}, connection = org.gradle.launcher.daemon.server.DefaultDaemonConnection@5a717d9a]
14:46:10.409 [DEBUG] [org.gradle.launcher.daemon.server.DaemonStateCoordinator] updating lastActivityAt to 1484577970409
14:46:10.410 [INFO] [org.gradle.launcher.daemon.server.DaemonRegistryUpdater] Marking the daemon as idle, address: [ba0d6616-4747-4fca-9779-d9d50854b706 port:60400, addresses:[/0:0:0:0:0:0:0:1, /127.0.0.1]]
14:46:10.410 [DEBUG] [org.gradle.launcher.daemon.registry.PersistentDaemonRegistry] Marking busy by address: [ba0d6616-4747-4fca-9779-d9d50854b706 port:60400, addresses:[/0:0:0:0:0:0:0:1, /127.0.0.1]]
14:46:10.412 [DEBUG] [org.gradle.cache.internal.DefaultFileLockManager] Waiting to acquire exclusive lock on daemon addresses registry.
14:46:10.419 [DEBUG] [org.gradle.cache.internal.DefaultFileLockManager] Lock acquired.
14:46:10.433 [DEBUG] [org.gradle.cache.internal.DefaultFileLockManager] Releasing lock on daemon addresses registry.
14:46:10.442 [DEBUG] [org.gradle.launcher.daemon.server.DaemonStateCoordinator] daemon is running. Sleeping until state changes.
14:46:10.443 [DEBUG] [org.gradle.launcher.daemon.server.exec.ReturnResult] Daemon is dispatching the build result: Success[value=org.gradle.tooling.internal.provider.BuildActionResult@34b3a703]
14:46:10.443 [DEBUG] [org.gradle.launcher.daemon.server.SynchronizedDispatchConnection] thread 13: dispatching class org.gradle.launcher.daemon.protocol.Success
14:46:10.450 [DEBUG] [org.gradle.launcher.daemon.server.DefaultIncomingConnectionHandler] Finishing executing command: Build{id=8bf29de4-ca2a-4475-a35c-995b4f469eac.1, currentDir=/home/APE/ape05/APE/SimpleWebApp}
14:46:10.461 [DEBUG] [org.gradle.launcher.daemon.server.SynchronizedDispatchConnection] thread 14: received class org.gradle.launcher.daemon.protocol.Finished
14:46:10.462 [DEBUG] [org.gradle.launcher.daemon.server.DefaultDaemonConnection] thread 14: Received non-IO message from client: org.gradle.launcher.daemon.protocol.Finished@33b9b2bc
14:46:10.462 [DEBUG] [org.gradle.internal.remote.internal.inet.SocketConnection] Discarding EOFException: java.io.EOFException
14:46:10.462 [DEBUG] [org.gradle.launcher.daemon.server.SynchronizedDispatchConnection] thread 14: received null
14:46:10.462 [DEBUG] [org.gradle.launcher.daemon.server.DefaultDaemonConnection] thread 14: Received end-of-input from client.
14:46:10.464 [DEBUG] [org.gradle.launcher.daemon.server.DefaultIncomingConnectionHandler] Received finished message: null
14:46:10.464 [DEBUG] [org.gradle.launcher.daemon.server.SynchronizedDispatchConnection] thread 13: stopping connection
14:46:10.466 [DEBUG] [org.gradle.launcher.daemon.server.SynchronizedDispatchConnection] thread 13: stopping connection
14:46:17.166 [DEBUG] [org.gradle.launcher.daemon.server.Daemon] DaemonExpirationPeriodicCheck running
14:46:17.177 [DEBUG] [org.gradle.cache.internal.DefaultFileLockManager] Waiting to acquire shared lock on daemon addresses registry.
14:46:17.178 [DEBUG] [org.gradle.cache.internal.DefaultFileLockManager] Lock acquired.
14:46:17.179 [DEBUG] [org.gradle.cache.internal.DefaultFileLockManager] Releasing lock on daemon addresses registry.
14:46:17.181 [DEBUG] [org.gradle.cache.internal.DefaultFileLockManager] Waiting to acquire shared lock on daemon addresses registry.
14:46:17.181 [DEBUG] [org.gradle.cache.internal.DefaultFileLockManager] Lock acquired.
14:46:17.182 [DEBUG] [org.gradle.cache.internal.DefaultFileLockManager] Releasing lock on daemon addresses registry.
14:46:27.168 [DEBUG] [org.gradle.launcher.daemon.server.Daemon] DaemonExpirationPeriodicCheck running
14:46:27.170 [DEBUG] [org.gradle.cache.internal.DefaultFileLockManager] Waiting to acquire shared lock on daemon addresses registry.
14:46:27.173 [DEBUG] [org.gradle.cache.internal.DefaultFileLockManager] Lock acquired.
14:46:27.174 [DEBUG] [org.gradle.cache.internal.DefaultFileLockManager] Releasing lock on daemon addresses registry.
14:46:27.175 [INFO] [org.gradle.launcher.daemon.server.DaemonIdleTimeoutExpirationStrategy] Idle timeout: daemon has been idle for 16766 milliseconds. Expiring.
14:46:27.176 [DEBUG] [org.gradle.cache.internal.DefaultFileLockManager] Waiting to acquire shared lock on daemon addresses registry.
14:46:27.177 [DEBUG] [org.gradle.cache.internal.DefaultFileLockManager] Lock acquired.
14:46:27.177 [DEBUG] [org.gradle.cache.internal.DefaultFileLockManager] Releasing lock on daemon addresses registry.
14:46:27.178 [DEBUG] [org.gradle.cache.internal.DefaultFileLockManager] Waiting to acquire shared lock on daemon addresses registry.
14:46:27.179 [DEBUG] [org.gradle.cache.internal.DefaultFileLockManager] Lock acquired.
14:46:27.180 [DEBUG] [org.gradle.cache.internal.DefaultFileLockManager] Releasing lock on daemon addresses registry.
14:46:37.167 [DEBUG] [org.gradle.launcher.daemon.server.Daemon] DaemonExpirationPeriodicCheck running
14:46:37.170 [DEBUG] [org.gradle.cache.internal.DefaultFileLockManager] Waiting to acquire shared lock on daemon addresses registry.
14:46:37.171 [DEBUG] [org.gradle.cache.internal.DefaultFileLockManager] Lock acquired.
14:46:37.172 [DEBUG] [org.gradle.cache.internal.DefaultFileLockManager] Releasing lock on daemon addresses registry.
14:46:37.173 [INFO] [org.gradle.launcher.daemon.server.DaemonIdleTimeoutExpirationStrategy] Idle timeout: daemon has been idle for 26764 milliseconds. Expiring.
14:46:37.174 [DEBUG] [org.gradle.cache.internal.DefaultFileLockManager] Waiting to acquire shared lock on daemon addresses registry.
14:46:37.174 [DEBUG] [org.gradle.cache.internal.DefaultFileLockManager] Lock acquired.
14:46:37.175 [DEBUG] [org.gradle.cache.internal.DefaultFileLockManager] Releasing lock on daemon addresses registry.
14:46:37.177 [DEBUG] [org.gradle.cache.internal.DefaultFileLockManager] Waiting to acquire shared lock on daemon addresses registry.
14:46:37.177 [DEBUG] [org.gradle.cache.internal.DefaultFileLockManager] Lock acquired.
14:46:37.178 [DEBUG] [org.gradle.cache.internal.DefaultFileLockManager] Releasing lock on daemon addresses registry.
14:46:47.166 [DEBUG] [org.gradle.launcher.daemon.server.Daemon] DaemonExpirationPeriodicCheck running
14:46:47.170 [DEBUG] [org.gradle.cache.internal.DefaultFileLockManager] Waiting to acquire shared lock on daemon addresses registry.
14:46:47.170 [DEBUG] [org.gradle.cache.internal.DefaultFileLockManager] Lock acquired.
14:46:47.171 [DEBUG] [org.gradle.cache.internal.DefaultFileLockManager] Releasing lock on daemon addresses registry.
14:46:47.173 [INFO] [org.gradle.launcher.daemon.server.DaemonIdleTimeoutExpirationStrategy] Idle timeout: daemon has been idle for 36764 milliseconds. Expiring.
14:46:47.173 [DEBUG] [org.gradle.cache.internal.DefaultFileLockManager] Waiting to acquire shared lock on daemon addresses registry.
14:46:47.174 [DEBUG] [org.gradle.cache.internal.DefaultFileLockManager] Lock acquired.
14:46:47.175 [DEBUG] [org.gradle.cache.internal.DefaultFileLockManager] Releasing lock on daemon addresses registry.
14:46:47.177 [DEBUG] [org.gradle.cache.internal.DefaultFileLockManager] Waiting to acquire shared lock on daemon addresses registry.
14:46:47.178 [DEBUG] [org.gradle.cache.internal.DefaultFileLockManager] Lock acquired.
14:46:47.179 [DEBUG] [org.gradle.cache.internal.DefaultFileLockManager] Releasing lock on daemon addresses registry.
14:46:57.167 [DEBUG] [org.gradle.launcher.daemon.server.Daemon] DaemonExpirationPeriodicCheck running
14:46:57.170 [DEBUG] [org.gradle.cache.internal.DefaultFileLockManager] Waiting to acquire shared lock on daemon addresses registry.
14:46:57.171 [DEBUG] [org.gradle.cache.internal.DefaultFileLockManager] Lock acquired.
14:46:57.172 [DEBUG] [org.gradle.cache.internal.DefaultFileLockManager] Releasing lock on daemon addresses registry.
14:46:57.173 [INFO] [org.gradle.launcher.daemon.server.DaemonIdleTimeoutExpirationStrategy] Idle timeout: daemon has been idle for 46764 milliseconds. Expiring.
14:46:57.174 [DEBUG] [org.gradle.cache.internal.DefaultFileLockManager] Waiting to acquire shared lock on daemon addresses registry.
14:46:57.175 [DEBUG] [org.gradle.cache.internal.DefaultFileLockManager] Lock acquired.
14:46:57.176 [DEBUG] [org.gradle.cache.internal.DefaultFileLockManager] Releasing lock on daemon addresses registry.
14:46:57.177 [DEBUG] [org.gradle.cache.internal.DefaultFileLockManager] Waiting to acquire shared lock on daemon addresses registry.
14:46:57.178 [DEBUG] [org.gradle.cache.internal.DefaultFileLockManager] Lock acquired.
14:46:57.179 [DEBUG] [org.gradle.cache.internal.DefaultFileLockManager] Releasing lock on daemon addresses registry.
14:47:07.169 [DEBUG] [org.gradle.launcher.daemon.server.Daemon] DaemonExpirationPeriodicCheck running
14:47:07.172 [DEBUG] [org.gradle.cache.internal.DefaultFileLockManager] Waiting to acquire shared lock on daemon addresses registry.
14:47:07.173 [DEBUG] [org.gradle.cache.internal.DefaultFileLockManager] Lock acquired.
14:47:07.174 [DEBUG] [org.gradle.cache.internal.DefaultFileLockManager] Releasing lock on daemon addresses registry.
14:47:07.175 [INFO] [org.gradle.launcher.daemon.server.DaemonIdleTimeoutExpirationStrategy] Idle timeout: daemon has been idle for 56766 milliseconds. Expiring.
14:47:07.176 [DEBUG] [org.gradle.cache.internal.DefaultFileLockManager] Waiting to acquire shared lock on daemon addresses registry.
14:47:07.177 [DEBUG] [org.gradle.cache.internal.DefaultFileLockManager] Lock acquired.
14:47:07.179 [DEBUG] [org.gradle.cache.internal.DefaultFileLockManager] Releasing lock on daemon addresses registry.
14:47:07.184 [DEBUG] [org.gradle.cache.internal.DefaultFileLockManager] Waiting to acquire shared lock on daemon addresses registry.
14:47:07.185 [DEBUG] [org.gradle.cache.internal.DefaultFileLockManager] Lock acquired.
14:47:07.186 [DEBUG] [org.gradle.cache.internal.DefaultFileLockManager] Releasing lock on daemon addresses registry.
14:47:17.166 [DEBUG] [org.gradle.launcher.daemon.server.Daemon] DaemonExpirationPeriodicCheck running
14:47:17.172 [DEBUG] [org.gradle.cache.internal.DefaultFileLockManager] Waiting to acquire shared lock on daemon addresses registry.
14:47:17.173 [DEBUG] [org.gradle.cache.internal.DefaultFileLockManager] Lock acquired.
14:47:17.174 [DEBUG] [org.gradle.cache.internal.DefaultFileLockManager] Releasing lock on daemon addresses registry.
14:47:17.175 [INFO] [org.gradle.launcher.daemon.server.DaemonIdleTimeoutExpirationStrategy] Idle timeout: daemon has been idle for 66766 milliseconds. Expiring.
14:47:17.175 [INFO] [org.gradle.launcher.daemon.server.DaemonIdleTimeoutExpirationStrategy] Idle timeout: daemon has been idle for 66766 milliseconds. Expiring.
14:47:17.177 [DEBUG] [org.gradle.cache.internal.DefaultFileLockManager] Waiting to acquire shared lock on daemon addresses registry.
14:47:17.178 [DEBUG] [org.gradle.cache.internal.DefaultFileLockManager] Lock acquired.
14:47:17.179 [DEBUG] [org.gradle.cache.internal.DefaultFileLockManager] Releasing lock on daemon addresses registry.
14:47:17.181 [DEBUG] [org.gradle.cache.internal.DefaultFileLockManager] Waiting to acquire shared lock on daemon addresses registry.
14:47:17.182 [DEBUG] [org.gradle.cache.internal.DefaultFileLockManager] Lock acquired.
14:47:17.183 [DEBUG] [org.gradle.cache.internal.DefaultFileLockManager] Releasing lock on daemon addresses registry.
14:47:17.184 [LIFECYCLE] [org.gradle.launcher.daemon.server.DaemonStateCoordinator] Daemon will be stopped at the end of the build after being idle for 1 minutes
14:47:17.184 [DEBUG] [org.gradle.launcher.daemon.server.DaemonStateCoordinator] Marking daemon stopped due to after being idle for 1 minutes. The daemon is running a build: false
14:47:17.185 [DEBUG] [org.gradle.launcher.daemon.server.DaemonStateCoordinator] daemon has stopped.
14:47:17.185 [DEBUG] [org.gradle.launcher.daemon.server.Daemon] stop() called on daemon
14:47:17.185 [INFO] [org.gradle.launcher.daemon.server.Daemon] Stop requested. Daemon is removing its presence from the registry...
14:47:17.185 [DEBUG] [org.gradle.launcher.daemon.server.DaemonRegistryUpdater] Removing our presence to clients, eg. removing this address from the registry: [ba0d6616-4747-4fca-9779-d9d50854b706 port:60400, addresses:[/0:0:0:0:0:0:0:1, /127.0.0.1]]
14:47:17.185 [DEBUG] [org.gradle.launcher.daemon.registry.PersistentDaemonRegistry] Removing daemon address: [ba0d6616-4747-4fca-9779-d9d50854b706 port:60400, addresses:[/0:0:0:0:0:0:0:1, /127.0.0.1]]
14:47:17.187 [DEBUG] [org.gradle.cache.internal.DefaultFileLockManager] Waiting to acquire exclusive lock on daemon addresses registry.
14:47:17.194 [DEBUG] [org.gradle.cache.internal.DefaultFileLockManager] Lock acquired.
14:47:17.204 [DEBUG] [org.gradle.cache.internal.DefaultFileLockManager] Releasing lock on daemon addresses registry.
14:47:17.212 [DEBUG] [org.gradle.launcher.daemon.server.DaemonRegistryUpdater] Address removed from registry.
Daemon vm is shutting down... The daemon has exited normally or was terminated in response to a user interrupt.
14:47:17.213 [DEBUG] [org.gradle.launcher.daemon.registry.PersistentDaemonRegistry] Removing daemon address: [ba0d6616-4747-4fca-9779-d9d50854b706 port:60400, addresses:[/0:0:0:0:0:0:0:1, /127.0.0.1]]
14:47:17.216 [DEBUG] [org.gradle.cache.internal.DefaultFileLockManager] Waiting to acquire exclusive lock on daemon addresses registry.
14:47:17.222 [DEBUG] [org.gradle.cache.internal.DefaultFileLockManager] Lock acquired.
14:47:17.234 [DEBUG] [org.gradle.cache.internal.DefaultFileLockManager] Releasing lock on daemon addresses registry.
