15:12:34.060 [DEBUG] [org.gradle.launcher.daemon.bootstrap.DaemonMain] Assuming the daemon was started with following jvm opts: [-XX:MaxPermSize=256m, -XX:+HeapDumpOnOutOfMemoryError, -Xmx1024m, -Dfile.encoding=UTF-8, -Duser.country=US, -Duser.language=en, -Duser.variant]
15:12:34.135 [INFO] [org.gradle.launcher.daemon.server.Daemon] start() called on daemon - DefaultDaemonContext[uid=0397c96b-424d-4f0c-b48f-e65b6c19c424,javaHome=/Library/Java/JavaVirtualMachines/jdk1.8.0_101.jdk/Contents/Home,daemonRegistryDir=/home/APE/ape05/APE/SimpleWebApp/gradle/daemon,pid=1478,idleTimeout=60000,daemonOpts=-XX:MaxPermSize=256m,-XX:+HeapDumpOnOutOfMemoryError,-Xmx1024m,-Dfile.encoding=UTF-8,-Duser.country=US,-Duser.language=en,-Duser.variant]
15:12:34.140 [DEBUG] [org.gradle.launcher.daemon.server.DaemonStateCoordinator] updating lastActivityAt to 1484579554140
15:12:34.157 [DEBUG] [org.gradle.internal.remote.internal.inet.InetAddresses] Adding IP addresses for network interface en0
15:12:34.157 [DEBUG] [org.gradle.internal.remote.internal.inet.InetAddresses] Is this a loopback interface? false
15:12:34.158 [DEBUG] [org.gradle.internal.remote.internal.inet.InetAddresses] Is this a multicast interface? true
15:12:34.159 [DEBUG] [org.gradle.internal.remote.internal.inet.InetAddresses] Adding remote address /fe80:0:0:0:aa60:b6ff:fe01:8fa%en0
15:12:34.161 [DEBUG] [org.gradle.internal.remote.internal.inet.InetAddresses] Adding remote address /192.168.8.188
15:12:34.161 [DEBUG] [org.gradle.internal.remote.internal.inet.InetAddresses] Adding remote multicast interface en0
15:12:34.162 [DEBUG] [org.gradle.internal.remote.internal.inet.InetAddresses] Adding IP addresses for network interface lo0
15:12:34.162 [DEBUG] [org.gradle.internal.remote.internal.inet.InetAddresses] Is this a loopback interface? true
15:12:34.163 [DEBUG] [org.gradle.internal.remote.internal.inet.InetAddresses] Is this a multicast interface? true
15:12:34.163 [DEBUG] [org.gradle.internal.remote.internal.inet.InetAddresses] Ignoring remote address on loopback interface /fe80:0:0:0:0:0:0:1%lo0
15:12:34.163 [DEBUG] [org.gradle.internal.remote.internal.inet.InetAddresses] Adding loopback address /0:0:0:0:0:0:0:1
15:12:34.164 [DEBUG] [org.gradle.internal.remote.internal.inet.InetAddresses] Adding loopback address /127.0.0.1
15:12:34.164 [DEBUG] [org.gradle.internal.remote.internal.inet.InetAddresses] Adding loopback multicast interface lo0
15:12:34.168 [DEBUG] [org.gradle.internal.remote.internal.inet.TcpIncomingConnector] Listening on [ba6e20fc-c4ec-4da1-b4b1-6a7fdd5cce0e port:49681, addresses:[/0:0:0:0:0:0:0:1, /127.0.0.1]].
15:12:34.171 [DEBUG] [org.gradle.launcher.daemon.server.Daemon] Daemon starting at: Mon Jan 16 15:12:34 GMT 2017, with address: [ba6e20fc-c4ec-4da1-b4b1-6a7fdd5cce0e port:49681, addresses:[/0:0:0:0:0:0:0:1, /127.0.0.1]]
15:12:34.171 [INFO] [org.gradle.launcher.daemon.server.DaemonRegistryUpdater] Advertising the daemon address to the clients: [ba6e20fc-c4ec-4da1-b4b1-6a7fdd5cce0e port:49681, addresses:[/0:0:0:0:0:0:0:1, /127.0.0.1]]
15:12:34.172 [DEBUG] [org.gradle.launcher.daemon.server.DaemonRegistryUpdater] Advertised daemon context: DefaultDaemonContext[uid=0397c96b-424d-4f0c-b48f-e65b6c19c424,javaHome=/Library/Java/JavaVirtualMachines/jdk1.8.0_101.jdk/Contents/Home,daemonRegistryDir=/home/APE/ape05/APE/SimpleWebApp/gradle/daemon,pid=1478,idleTimeout=60000,daemonOpts=-XX:MaxPermSize=256m,-XX:+HeapDumpOnOutOfMemoryError,-Xmx1024m,-Dfile.encoding=UTF-8,-Duser.country=US,-Duser.language=en,-Duser.variant]
15:12:34.173 [DEBUG] [org.gradle.launcher.daemon.registry.PersistentDaemonRegistry] Storing daemon address: [ba6e20fc-c4ec-4da1-b4b1-6a7fdd5cce0e port:49681, addresses:[/0:0:0:0:0:0:0:1, /127.0.0.1]], context: DefaultDaemonContext[uid=0397c96b-424d-4f0c-b48f-e65b6c19c424,javaHome=/Library/Java/JavaVirtualMachines/jdk1.8.0_101.jdk/Contents/Home,daemonRegistryDir=/home/APE/ape05/APE/SimpleWebApp/gradle/daemon,pid=1478,idleTimeout=60000,daemonOpts=-XX:MaxPermSize=256m,-XX:+HeapDumpOnOutOfMemoryError,-Xmx1024m,-Dfile.encoding=UTF-8,-Duser.country=US,-Duser.language=en,-Duser.variant]
15:12:34.183 [DEBUG] [org.gradle.cache.internal.DefaultFileLockManager] Waiting to acquire exclusive lock on daemon addresses registry.
15:12:34.194 [DEBUG] [org.gradle.cache.internal.DefaultFileLockManager] Lock acquired.
15:12:34.276 [DEBUG] [org.gradle.cache.internal.DefaultFileLockManager] Releasing lock on daemon addresses registry.
15:12:34.285 [LIFECYCLE] [org.gradle.launcher.daemon.server.Daemon] Daemon server started.
15:12:34.287 [DEBUG] [org.gradle.launcher.daemon.bootstrap.DaemonStartupCommunication] Completed writing the daemon greeting. Closing streams...
15:12:34.304 [DEBUG] [org.gradle.internal.remote.internal.inet.TcpIncomingConnector] Accepted connection from /127.0.0.1:49682 to /127.0.0.1:49681.
15:12:34.368 [DEBUG] [org.gradle.launcher.daemon.server.SynchronizedDispatchConnection] thread 14: received class org.gradle.launcher.daemon.protocol.Build
15:12:34.368 [DEBUG] [org.gradle.launcher.daemon.server.DefaultDaemonConnection] thread 14: Received non-IO message from client: Build{id=e170b1c9-ee86-4e6a-8ad8-3747eb0b1fef.1, currentDir=/home/APE/ape05/APE/SimpleWebApp}
15:12:34.369 [INFO] [org.gradle.launcher.daemon.server.DefaultIncomingConnectionHandler] Received command: Build{id=e170b1c9-ee86-4e6a-8ad8-3747eb0b1fef.1, currentDir=/home/APE/ape05/APE/SimpleWebApp}.
15:12:34.369 [DEBUG] [org.gradle.launcher.daemon.server.DefaultIncomingConnectionHandler] Starting executing command: Build{id=e170b1c9-ee86-4e6a-8ad8-3747eb0b1fef.1, currentDir=/home/APE/ape05/APE/SimpleWebApp} with connection: socket connection from /127.0.0.1:49681 to /127.0.0.1:49682.
15:12:34.371 [ERROR] [org.gradle.launcher.daemon.server.DaemonStateCoordinator] Command execution: started DaemonCommandExecution[command = Build{id=e170b1c9-ee86-4e6a-8ad8-3747eb0b1fef.1, currentDir=/home/APE/ape05/APE/SimpleWebApp}, connection = org.gradle.launcher.daemon.server.DefaultDaemonConnection@655d4a31] after 0.0 minutes of idle
15:12:34.372 [INFO] [org.gradle.launcher.daemon.server.DaemonRegistryUpdater] Marking the daemon as busy, address: [ba6e20fc-c4ec-4da1-b4b1-6a7fdd5cce0e port:49681, addresses:[/0:0:0:0:0:0:0:1, /127.0.0.1]]
15:12:34.372 [DEBUG] [org.gradle.launcher.daemon.registry.PersistentDaemonRegistry] Marking busy by address: [ba6e20fc-c4ec-4da1-b4b1-6a7fdd5cce0e port:49681, addresses:[/0:0:0:0:0:0:0:1, /127.0.0.1]]
15:12:34.373 [DEBUG] [org.gradle.cache.internal.DefaultFileLockManager] Waiting to acquire exclusive lock on daemon addresses registry.
15:12:34.420 [INFO] [org.gradle.process.internal.DefaultExecHandle] Starting process 'command '/usr/bin/vm_stat''. Working directory: /home/APE/ape05/APE/SimpleWebApp/gradle/daemon/3.2.1 Command: /usr/bin/vm_stat 
15:12:34.421 [DEBUG] [org.gradle.process.internal.DefaultExecHandle] Environment for process 'command '/usr/bin/vm_stat'': {PATH=/usr/bin:/bin:/usr/sbin:/sbin, SHELL=/bin/bash, USER=ape05, TMPDIR=/var/folders/kx/2fb191fx0l175hpgd_0qj6m40005x7/T/, SSH_AUTH_SOCK=/private/tmp/com.apple.launchd.bpz9xnIFPr/Listeners, DISPLAY=/private/tmp/com.apple.launchd.a7tNzUJON5/org.macosforge.xquartz:0, XPC_FLAGS=0x0, __CF_USER_TEXT_ENCODING=0x17A7:0:0, Apple_PubSub_Socket_Render=/private/tmp/com.apple.launchd.j4g4K1FbSZ/Render, LOGNAME=ape05, XPC_SERVICE_NAME=com.jetbrains.intellij.ce.50592, JAVA_MAIN_CLASS_1478=org.gradle.launcher.daemon.bootstrap.GradleDaemon, HOME=/home/APE/ape05}
15:12:34.421 [DEBUG] [org.gradle.process.internal.DefaultExecHandle] Changing state to: STARTING
15:12:34.423 [DEBUG] [org.gradle.process.internal.DefaultExecHandle] Waiting until process started: command '/usr/bin/vm_stat'.
15:12:34.433 [DEBUG] [org.gradle.process.internal.DefaultExecHandle] Changing state to: STARTED
15:12:34.433 [DEBUG] [org.gradle.process.internal.ExecHandleRunner] waiting until streams are handled...
15:12:34.433 [INFO] [org.gradle.process.internal.DefaultExecHandle] Successfully started process 'command '/usr/bin/vm_stat''
15:12:34.434 [DEBUG] [org.gradle.process.internal.DefaultExecHandle] Changing state to: SUCCEEDED
15:12:34.435 [DEBUG] [org.gradle.process.internal.DefaultExecHandle] Process 'command '/usr/bin/vm_stat'' finished with exit value 0 (state: SUCCEEDED)
15:12:34.437 [DEBUG] [org.gradle.launcher.daemon.server.Daemon] stopOnExpiration() called on daemon
15:12:34.438 [DEBUG] [org.gradle.launcher.daemon.server.Daemon] awaitExpiration() called on daemon
15:12:34.439 [DEBUG] [org.gradle.cache.internal.DefaultFileLockManager] Lock acquired.
15:12:34.484 [DEBUG] [org.gradle.cache.internal.DefaultFileLockManager] Releasing lock on daemon addresses registry.
15:12:34.541 [DEBUG] [org.gradle.launcher.daemon.server.DaemonStateCoordinator] updating lastActivityAt to 1484579554541
15:12:34.541 [DEBUG] [org.gradle.launcher.daemon.server.DaemonStateCoordinator] daemon is running. Sleeping until state changes.
15:12:34.542 [INFO] [org.gradle.launcher.daemon.server.exec.StartBuildOrRespondWithBusy] Daemon is about to start building Build{id=e170b1c9-ee86-4e6a-8ad8-3747eb0b1fef.1, currentDir=/home/APE/ape05/APE/SimpleWebApp}. Dispatching build started information...
15:12:34.542 [DEBUG] [org.gradle.launcher.daemon.server.SynchronizedDispatchConnection] thread 22: dispatching class org.gradle.launcher.daemon.protocol.BuildStarted
15:12:34.547 [DEBUG] [org.gradle.launcher.daemon.server.exec.EstablishBuildEnvironment] Configuring env variables: {PATH=/usr/bin:/bin:/usr/sbin:/sbin, SHELL=/bin/bash, USER=ape05, TMPDIR=/var/folders/kx/2fb191fx0l175hpgd_0qj6m40005x7/T/, SSH_AUTH_SOCK=/private/tmp/com.apple.launchd.bpz9xnIFPr/Listeners, DISPLAY=/private/tmp/com.apple.launchd.a7tNzUJON5/org.macosforge.xquartz:0, XPC_FLAGS=0x0, __CF_USER_TEXT_ENCODING=0x17A7:0:0, Apple_PubSub_Socket_Render=/private/tmp/com.apple.launchd.j4g4K1FbSZ/Render, LOGNAME=ape05, XPC_SERVICE_NAME=com.jetbrains.intellij.ce.50592, HOME=/home/APE/ape05}
15:12:34.551 [DEBUG] [org.gradle.launcher.daemon.server.exec.LogToClient] About to start relaying all logs to the client via the connection.
15:12:34.551 [INFO] [org.gradle.launcher.daemon.server.exec.LogToClient] The client will now receive all logging from the daemon (pid: 1478). The daemon log file: /home/APE/ape05/APE/SimpleWebApp/gradle/daemon/3.2.1/daemon-1478.out.log
15:12:34.552 [INFO] [org.gradle.launcher.daemon.server.exec.LogAndCheckHealth] Starting build in new daemon [memory: 954.7 MB]
15:12:34.554 [DEBUG] [org.gradle.launcher.daemon.server.SynchronizedDispatchConnection] thread 14: received class org.gradle.launcher.daemon.protocol.CloseInput
15:12:34.555 [DEBUG] [org.gradle.launcher.daemon.server.DefaultDaemonConnection] thread 14: Received IO message from client: org.gradle.launcher.daemon.protocol.CloseInput@67c1b40c
15:12:34.555 [INFO] [org.gradle.launcher.daemon.server.exec.ForwardClientInput] Closing daemon's stdin at end of input.
15:12:34.556 [INFO] [org.gradle.launcher.daemon.server.exec.ForwardClientInput] The daemon will no longer process any standard input.
15:12:34.556 [DEBUG] [org.gradle.launcher.daemon.server.exec.ExecuteBuild] The daemon has started executing the build.
15:12:34.556 [INFO] [org.gradle.launcher.daemon.server.exec.ExecuteBuild] Executing build with daemon context: DefaultDaemonContext[uid=0397c96b-424d-4f0c-b48f-e65b6c19c424,javaHome=/Library/Java/JavaVirtualMachines/jdk1.8.0_101.jdk/Contents/Home,daemonRegistryDir=/home/APE/ape05/APE/SimpleWebApp/gradle/daemon,pid=1478,idleTimeout=60000,daemonOpts=-XX:MaxPermSize=256m,-XX:+HeapDumpOnOutOfMemoryError,-Xmx1024m,-Dfile.encoding=UTF-8,-Duser.country=US,-Duser.language=en,-Duser.variant]

CONFIGURE SUCCESSFUL

Total time: 5.809 secs
Could not resolve: javax.servlet:servlet-api:2.5
Could not resolve: junit:junit:4.12
Could not resolve: org.eclipse.jetty:jetty-servlet:9.2.14.v20151106
15:12:38.920 [DEBUG] [org.gradle.cache.internal.DefaultCacheAccess] Cache task history cache (/home/APE/ape05/APE/SimpleWebApp/.gradle/3.2.1/taskArtifacts) was closed 0 times.
15:12:38.922 [DEBUG] [org.gradle.api.internal.artifacts.ivyservice.resolveengine.store.CachedStoreFactory] Resolution result cache closed. Cache reads: 0, disk reads: 0 (avg: 0.0 secs, total: 0.0 secs)
15:12:38.922 [DEBUG] [org.gradle.api.internal.artifacts.ivyservice.resolveengine.store.CachedStoreFactory] Resolution result cache closed. Cache reads: 28, disk reads: 6 (avg: 0.002 secs, total: 0.013 secs)
15:12:38.923 [DEBUG] [org.gradle.api.internal.artifacts.ivyservice.resolveengine.store.ResolutionResultsStoreFactory] Deleted 2 resolution results binary files in 0.002 secs
15:12:38.923 [DEBUG] [org.gradle.cache.internal.DefaultCacheAccess] Cache Plugin Resolution Cache (/home/APE/ape05/APE/SimpleWebApp/gradle/caches/3.2.1/plugin-resolution) was closed 0 times.
15:12:38.923 [DEBUG] [org.gradle.api.internal.tasks.compile.daemon.CompilerDaemonManager] Stopping 0 compiler daemon(s).
15:12:38.923 [INFO] [org.gradle.api.internal.tasks.compile.daemon.CompilerDaemonManager] Stopped 0 compiler daemon(s).
15:12:38.924 [DEBUG] [org.gradle.cache.internal.DefaultCacheAccess] Cache Generated Gradle JARs cache (/home/APE/ape05/APE/SimpleWebApp/gradle/caches/3.2.1/generated-gradle-jars) was closed 0 times.
15:12:38.924 [DEBUG] [org.gradle.cache.internal.LockOnDemandCrossProcessCacheAccess] Releasing file lock for artifact cache (/home/APE/ape05/APE/SimpleWebApp/gradle/caches/modules-2)
15:12:38.924 [DEBUG] [org.gradle.cache.internal.btree.BTreePersistentIndexedCache] Closing cache module-metadata.bin (/home/APE/ape05/APE/SimpleWebApp/gradle/caches/modules-2/metadata-2.23/module-metadata.bin)
15:12:38.925 [DEBUG] [org.gradle.cache.internal.DefaultFileLockManager] Releasing lock on artifact cache (/home/APE/ape05/APE/SimpleWebApp/gradle/caches/modules-2).
15:12:38.938 [DEBUG] [org.gradle.launcher.daemon.server.exec.ExecuteBuild] The daemon has finished executing the build.
15:12:38.949 [DEBUG] [org.gradle.launcher.daemon.server.DaemonStateCoordinator] daemon is running. Sleeping until state changes.
15:12:38.949 [DEBUG] [org.gradle.launcher.daemon.server.DaemonStateCoordinator] Command execution: finished waiting for DaemonCommandExecution[command = Build{id=e170b1c9-ee86-4e6a-8ad8-3747eb0b1fef.1, currentDir=/home/APE/ape05/APE/SimpleWebApp}, connection = org.gradle.launcher.daemon.server.DefaultDaemonConnection@655d4a31]. Result org.gradle.launcher.daemon.server.DaemonStateCoordinator@1db8879b with state Busy
15:12:38.949 [DEBUG] [org.gradle.launcher.daemon.server.DaemonStateCoordinator] Command execution: completed DaemonCommandExecution[command = Build{id=e170b1c9-ee86-4e6a-8ad8-3747eb0b1fef.1, currentDir=/home/APE/ape05/APE/SimpleWebApp}, connection = org.gradle.launcher.daemon.server.DefaultDaemonConnection@655d4a31]
15:12:38.949 [DEBUG] [org.gradle.launcher.daemon.server.DaemonStateCoordinator] updating lastActivityAt to 1484579558949
15:12:38.950 [INFO] [org.gradle.launcher.daemon.server.DaemonRegistryUpdater] Marking the daemon as idle, address: [ba6e20fc-c4ec-4da1-b4b1-6a7fdd5cce0e port:49681, addresses:[/0:0:0:0:0:0:0:1, /127.0.0.1]]
15:12:38.950 [DEBUG] [org.gradle.launcher.daemon.registry.PersistentDaemonRegistry] Marking busy by address: [ba6e20fc-c4ec-4da1-b4b1-6a7fdd5cce0e port:49681, addresses:[/0:0:0:0:0:0:0:1, /127.0.0.1]]
15:12:38.951 [DEBUG] [org.gradle.cache.internal.DefaultFileLockManager] Waiting to acquire exclusive lock on daemon addresses registry.
15:12:38.971 [DEBUG] [org.gradle.cache.internal.DefaultFileLockManager] Lock acquired.
15:12:39.008 [DEBUG] [org.gradle.cache.internal.DefaultFileLockManager] Releasing lock on daemon addresses registry.
15:12:39.019 [DEBUG] [org.gradle.launcher.daemon.server.DaemonStateCoordinator] daemon is running. Sleeping until state changes.
15:12:39.019 [DEBUG] [org.gradle.launcher.daemon.server.exec.ReturnResult] Daemon is dispatching the build result: Success[value=org.gradle.tooling.internal.provider.BuildActionResult@63e650ee]
15:12:39.019 [DEBUG] [org.gradle.launcher.daemon.server.SynchronizedDispatchConnection] thread 13: dispatching class org.gradle.launcher.daemon.protocol.Success
15:12:39.025 [DEBUG] [org.gradle.launcher.daemon.server.DefaultIncomingConnectionHandler] Finishing executing command: Build{id=e170b1c9-ee86-4e6a-8ad8-3747eb0b1fef.1, currentDir=/home/APE/ape05/APE/SimpleWebApp}
15:12:39.037 [DEBUG] [org.gradle.launcher.daemon.server.SynchronizedDispatchConnection] thread 14: received class org.gradle.launcher.daemon.protocol.Finished
15:12:39.037 [DEBUG] [org.gradle.launcher.daemon.server.DefaultDaemonConnection] thread 14: Received non-IO message from client: org.gradle.launcher.daemon.protocol.Finished@2a6a8282
15:12:39.038 [DEBUG] [org.gradle.launcher.daemon.server.DefaultIncomingConnectionHandler] Received finished message: org.gradle.launcher.daemon.protocol.Finished@2a6a8282
15:12:39.038 [DEBUG] [org.gradle.launcher.daemon.server.SynchronizedDispatchConnection] thread 13: stopping connection
15:12:39.038 [DEBUG] [org.gradle.internal.remote.internal.inet.SocketConnection] Discarding EOFException: java.io.EOFException
15:12:39.038 [DEBUG] [org.gradle.launcher.daemon.server.SynchronizedDispatchConnection] thread 14: received null
15:12:39.039 [DEBUG] [org.gradle.launcher.daemon.server.DefaultDaemonConnection] thread 14: Received end-of-input from client.
15:12:39.040 [DEBUG] [org.gradle.launcher.daemon.server.SynchronizedDispatchConnection] thread 13: stopping connection
15:12:44.438 [DEBUG] [org.gradle.launcher.daemon.server.Daemon] DaemonExpirationPeriodicCheck running
15:12:44.440 [DEBUG] [org.gradle.cache.internal.DefaultFileLockManager] Waiting to acquire shared lock on daemon addresses registry.
15:12:44.441 [DEBUG] [org.gradle.cache.internal.DefaultFileLockManager] Lock acquired.
15:12:44.442 [DEBUG] [org.gradle.cache.internal.DefaultFileLockManager] Releasing lock on daemon addresses registry.
15:12:44.452 [DEBUG] [org.gradle.cache.internal.DefaultFileLockManager] Waiting to acquire shared lock on daemon addresses registry.
15:12:44.456 [DEBUG] [org.gradle.cache.internal.DefaultFileLockManager] Lock acquired.
15:12:44.457 [DEBUG] [org.gradle.cache.internal.DefaultFileLockManager] Releasing lock on daemon addresses registry.
15:12:54.441 [DEBUG] [org.gradle.launcher.daemon.server.Daemon] DaemonExpirationPeriodicCheck running
15:12:54.443 [DEBUG] [org.gradle.cache.internal.DefaultFileLockManager] Waiting to acquire shared lock on daemon addresses registry.
15:12:54.444 [DEBUG] [org.gradle.cache.internal.DefaultFileLockManager] Lock acquired.
15:12:54.445 [DEBUG] [org.gradle.cache.internal.DefaultFileLockManager] Releasing lock on daemon addresses registry.
15:12:54.446 [INFO] [org.gradle.launcher.daemon.server.DaemonIdleTimeoutExpirationStrategy] Idle timeout: daemon has been idle for 15497 milliseconds. Expiring.
15:12:54.447 [DEBUG] [org.gradle.cache.internal.DefaultFileLockManager] Waiting to acquire shared lock on daemon addresses registry.
15:12:54.448 [DEBUG] [org.gradle.cache.internal.DefaultFileLockManager] Lock acquired.
15:12:54.449 [DEBUG] [org.gradle.cache.internal.DefaultFileLockManager] Releasing lock on daemon addresses registry.
15:12:54.450 [DEBUG] [org.gradle.cache.internal.DefaultFileLockManager] Waiting to acquire shared lock on daemon addresses registry.
15:12:54.451 [DEBUG] [org.gradle.cache.internal.DefaultFileLockManager] Lock acquired.
15:12:54.452 [DEBUG] [org.gradle.cache.internal.DefaultFileLockManager] Releasing lock on daemon addresses registry.
15:13:04.443 [DEBUG] [org.gradle.launcher.daemon.server.Daemon] DaemonExpirationPeriodicCheck running
15:13:04.450 [DEBUG] [org.gradle.cache.internal.DefaultFileLockManager] Waiting to acquire shared lock on daemon addresses registry.
15:13:04.452 [DEBUG] [org.gradle.cache.internal.DefaultFileLockManager] Lock acquired.
15:13:04.454 [DEBUG] [org.gradle.cache.internal.DefaultFileLockManager] Releasing lock on daemon addresses registry.
15:13:04.456 [INFO] [org.gradle.launcher.daemon.server.DaemonIdleTimeoutExpirationStrategy] Idle timeout: daemon has been idle for 25507 milliseconds. Expiring.
15:13:04.456 [DEBUG] [org.gradle.cache.internal.DefaultFileLockManager] Waiting to acquire shared lock on daemon addresses registry.
15:13:04.457 [DEBUG] [org.gradle.cache.internal.DefaultFileLockManager] Lock acquired.
15:13:04.458 [DEBUG] [org.gradle.cache.internal.DefaultFileLockManager] Releasing lock on daemon addresses registry.
15:13:04.460 [DEBUG] [org.gradle.cache.internal.DefaultFileLockManager] Waiting to acquire shared lock on daemon addresses registry.
15:13:04.461 [DEBUG] [org.gradle.cache.internal.DefaultFileLockManager] Lock acquired.
15:13:04.461 [DEBUG] [org.gradle.cache.internal.DefaultFileLockManager] Releasing lock on daemon addresses registry.
15:13:13.415 [DEBUG] [org.gradle.internal.remote.internal.inet.TcpIncomingConnector] Accepted connection from /127.0.0.1:49704 to /127.0.0.1:49681.
15:13:13.420 [DEBUG] [org.gradle.launcher.daemon.server.SynchronizedDispatchConnection] thread 26: received class org.gradle.launcher.daemon.protocol.Build
15:13:13.420 [DEBUG] [org.gradle.launcher.daemon.server.DefaultDaemonConnection] thread 26: Received non-IO message from client: Build{id=3b82b352-330c-4556-b148-14295888469c.1, currentDir=/home/APE/ape05/APE/SimpleWebApp}
15:13:13.420 [INFO] [org.gradle.launcher.daemon.server.DefaultIncomingConnectionHandler] Received command: Build{id=3b82b352-330c-4556-b148-14295888469c.1, currentDir=/home/APE/ape05/APE/SimpleWebApp}.
15:13:13.420 [DEBUG] [org.gradle.launcher.daemon.server.DefaultIncomingConnectionHandler] Starting executing command: Build{id=3b82b352-330c-4556-b148-14295888469c.1, currentDir=/home/APE/ape05/APE/SimpleWebApp} with connection: socket connection from /127.0.0.1:49681 to /127.0.0.1:49704.
15:13:13.423 [ERROR] [org.gradle.launcher.daemon.server.DaemonStateCoordinator] Command execution: started DaemonCommandExecution[command = Build{id=3b82b352-330c-4556-b148-14295888469c.1, currentDir=/home/APE/ape05/APE/SimpleWebApp}, connection = org.gradle.launcher.daemon.server.DefaultDaemonConnection@5f8a4c4] after 0.0 minutes of idle
15:13:13.423 [INFO] [org.gradle.launcher.daemon.server.DaemonRegistryUpdater] Marking the daemon as busy, address: [ba6e20fc-c4ec-4da1-b4b1-6a7fdd5cce0e port:49681, addresses:[/0:0:0:0:0:0:0:1, /127.0.0.1]]
15:13:13.423 [DEBUG] [org.gradle.launcher.daemon.registry.PersistentDaemonRegistry] Marking busy by address: [ba6e20fc-c4ec-4da1-b4b1-6a7fdd5cce0e port:49681, addresses:[/0:0:0:0:0:0:0:1, /127.0.0.1]]
15:13:13.424 [DEBUG] [org.gradle.cache.internal.DefaultFileLockManager] Waiting to acquire exclusive lock on daemon addresses registry.
15:13:13.432 [DEBUG] [org.gradle.cache.internal.DefaultFileLockManager] Lock acquired.
15:13:13.441 [DEBUG] [org.gradle.cache.internal.DefaultFileLockManager] Releasing lock on daemon addresses registry.
15:13:13.448 [DEBUG] [org.gradle.launcher.daemon.server.DaemonStateCoordinator] updating lastActivityAt to 1484579593448
15:13:13.448 [DEBUG] [org.gradle.launcher.daemon.server.DaemonStateCoordinator] daemon is running. Sleeping until state changes.
15:13:13.448 [INFO] [org.gradle.launcher.daemon.server.exec.StartBuildOrRespondWithBusy] Daemon is about to start building Build{id=3b82b352-330c-4556-b148-14295888469c.1, currentDir=/home/APE/ape05/APE/SimpleWebApp}. Dispatching build started information...
15:13:13.448 [DEBUG] [org.gradle.launcher.daemon.server.SynchronizedDispatchConnection] thread 22: dispatching class org.gradle.launcher.daemon.protocol.BuildStarted
15:13:13.449 [DEBUG] [org.gradle.launcher.daemon.server.exec.EstablishBuildEnvironment] Configuring env variables: {PATH=/usr/bin:/bin:/usr/sbin:/sbin, SHELL=/bin/bash, USER=ape05, TMPDIR=/var/folders/kx/2fb191fx0l175hpgd_0qj6m40005x7/T/, SSH_AUTH_SOCK=/private/tmp/com.apple.launchd.bpz9xnIFPr/Listeners, DISPLAY=/private/tmp/com.apple.launchd.a7tNzUJON5/org.macosforge.xquartz:0, XPC_FLAGS=0x0, __CF_USER_TEXT_ENCODING=0x17A7:0:0, Apple_PubSub_Socket_Render=/private/tmp/com.apple.launchd.j4g4K1FbSZ/Render, LOGNAME=ape05, XPC_SERVICE_NAME=com.jetbrains.intellij.ce.50592, HOME=/home/APE/ape05}
15:13:13.450 [DEBUG] [org.gradle.launcher.daemon.server.exec.LogToClient] About to start relaying all logs to the client via the connection.
15:13:13.450 [INFO] [org.gradle.launcher.daemon.server.exec.LogToClient] The client will now receive all logging from the daemon (pid: 1478). The daemon log file: /home/APE/ape05/APE/SimpleWebApp/gradle/daemon/3.2.1/daemon-1478.out.log
15:13:13.450 [DEBUG] [org.gradle.launcher.daemon.server.SynchronizedDispatchConnection] thread 26: received class org.gradle.launcher.daemon.protocol.CloseInput
15:13:13.451 [DEBUG] [org.gradle.launcher.daemon.server.DefaultDaemonConnection] thread 26: Received IO message from client: org.gradle.launcher.daemon.protocol.CloseInput@546598c4
15:13:13.451 [INFO] [org.gradle.launcher.daemon.server.exec.LogAndCheckHealth] Starting 2nd build in daemon [uptime: 39.95 secs, performance: 96%, no major garbage collections]
15:13:13.452 [DEBUG] [org.gradle.launcher.daemon.server.exec.ExecuteBuild] The daemon has started executing the build.
15:13:13.452 [INFO] [org.gradle.launcher.daemon.server.exec.ForwardClientInput] Closing daemon's stdin at end of input.
15:13:13.452 [INFO] [org.gradle.launcher.daemon.server.exec.ExecuteBuild] Executing build with daemon context: DefaultDaemonContext[uid=0397c96b-424d-4f0c-b48f-e65b6c19c424,javaHome=/Library/Java/JavaVirtualMachines/jdk1.8.0_101.jdk/Contents/Home,daemonRegistryDir=/home/APE/ape05/APE/SimpleWebApp/gradle/daemon,pid=1478,idleTimeout=60000,daemonOpts=-XX:MaxPermSize=256m,-XX:+HeapDumpOnOutOfMemoryError,-Xmx1024m,-Dfile.encoding=UTF-8,-Duser.country=US,-Duser.language=en,-Duser.variant]
15:13:13.452 [INFO] [org.gradle.launcher.daemon.server.exec.ForwardClientInput] The daemon will no longer process any standard input.

CONFIGURE SUCCESSFUL

Total time: 0.136 secs
Download https://repo1.maven.org/maven2/org/eclipse/jetty/jetty-servlet/9.2.14.v20151106/jetty-servlet-9.2.14.v20151106.pom
Download https://repo1.maven.org/maven2/org/eclipse/jetty/jetty-project/9.2.14.v20151106/jetty-project-9.2.14.v20151106.pom
Download https://repo1.maven.org/maven2/org/eclipse/jetty/jetty-parent/23/jetty-parent-23.pom
Download https://repo1.maven.org/maven2/javax/servlet/servlet-api/2.5/servlet-api-2.5.pom
Download https://repo1.maven.org/maven2/junit/junit/4.12/junit-4.12.pom
Download https://repo1.maven.org/maven2/org/eclipse/jetty/jetty-security/9.2.14.v20151106/jetty-security-9.2.14.v20151106.pom
Download https://repo1.maven.org/maven2/org/hamcrest/hamcrest-core/1.3/hamcrest-core-1.3.pom
Download https://repo1.maven.org/maven2/org/hamcrest/hamcrest-parent/1.3/hamcrest-parent-1.3.pom
Download https://repo1.maven.org/maven2/org/eclipse/jetty/jetty-server/9.2.14.v20151106/jetty-server-9.2.14.v20151106.pom
Download https://repo1.maven.org/maven2/javax/servlet/javax.servlet-api/3.1.0/javax.servlet-api-3.1.0.pom
Download https://repo1.maven.org/maven2/net/java/jvnet-parent/3/jvnet-parent-3.pom
Download https://repo1.maven.org/maven2/org/eclipse/jetty/jetty-http/9.2.14.v20151106/jetty-http-9.2.14.v20151106.pom
Download https://repo1.maven.org/maven2/org/eclipse/jetty/jetty-io/9.2.14.v20151106/jetty-io-9.2.14.v20151106.pom
Download https://repo1.maven.org/maven2/org/eclipse/jetty/jetty-util/9.2.14.v20151106/jetty-util-9.2.14.v20151106.pom
Download https://repo1.maven.org/maven2/org/eclipse/jetty/jetty-servlet/9.2.14.v20151106/jetty-servlet-9.2.14.v20151106.jar
Download https://repo1.maven.org/maven2/javax/servlet/servlet-api/2.5/servlet-api-2.5.jar
Download https://repo1.maven.org/maven2/junit/junit/4.12/junit-4.12.jar
Download https://repo1.maven.org/maven2/org/eclipse/jetty/jetty-security/9.2.14.v20151106/jetty-security-9.2.14.v20151106.jar
Download https://repo1.maven.org/maven2/org/hamcrest/hamcrest-core/1.3/hamcrest-core-1.3.jar
Download https://repo1.maven.org/maven2/org/eclipse/jetty/jetty-server/9.2.14.v20151106/jetty-server-9.2.14.v20151106.jar
Download https://repo1.maven.org/maven2/javax/servlet/javax.servlet-api/3.1.0/javax.servlet-api-3.1.0.jar
Download https://repo1.maven.org/maven2/org/eclipse/jetty/jetty-http/9.2.14.v20151106/jetty-http-9.2.14.v20151106.jar
Download https://repo1.maven.org/maven2/org/eclipse/jetty/jetty-io/9.2.14.v20151106/jetty-io-9.2.14.v20151106.jar
Download https://repo1.maven.org/maven2/org/eclipse/jetty/jetty-util/9.2.14.v20151106/jetty-util-9.2.14.v20151106.jar
Download https://repo1.maven.org/maven2/org/eclipse/jetty/jetty-servlet/9.2.14.v20151106/jetty-servlet-9.2.14.v20151106-sources.jar
Download https://repo1.maven.org/maven2/javax/servlet/servlet-api/2.5/servlet-api-2.5-sources.jar
Download https://repo1.maven.org/maven2/junit/junit/4.12/junit-4.12-sources.jar
Download https://repo1.maven.org/maven2/org/eclipse/jetty/jetty-security/9.2.14.v20151106/jetty-security-9.2.14.v20151106-sources.jar
Download https://repo1.maven.org/maven2/org/hamcrest/hamcrest-core/1.3/hamcrest-core-1.3-sources.jar
Download https://repo1.maven.org/maven2/org/eclipse/jetty/jetty-server/9.2.14.v20151106/jetty-server-9.2.14.v20151106-sources.jar
Download https://repo1.maven.org/maven2/javax/servlet/javax.servlet-api/3.1.0/javax.servlet-api-3.1.0-sources.jar
Download https://repo1.maven.org/maven2/org/eclipse/jetty/jetty-http/9.2.14.v20151106/jetty-http-9.2.14.v20151106-sources.jar
Download https://repo1.maven.org/maven2/org/eclipse/jetty/jetty-io/9.2.14.v20151106/jetty-io-9.2.14.v20151106-sources.jar
Download https://repo1.maven.org/maven2/org/eclipse/jetty/jetty-util/9.2.14.v20151106/jetty-util-9.2.14.v20151106-sources.jar
15:13:19.327 [DEBUG] [org.gradle.cache.internal.DefaultCacheAccess] Cache task history cache (/home/APE/ape05/APE/SimpleWebApp/.gradle/3.2.1/taskArtifacts) was closed 0 times.
15:13:19.328 [DEBUG] [org.gradle.api.internal.artifacts.ivyservice.resolveengine.store.CachedStoreFactory] Resolution result cache closed. Cache reads: 0, disk reads: 0 (avg: 0.0 secs, total: 0.0 secs)
15:13:19.328 [DEBUG] [org.gradle.api.internal.artifacts.ivyservice.resolveengine.store.CachedStoreFactory] Resolution result cache closed. Cache reads: 28, disk reads: 6 (avg: 0.001 secs, total: 0.01 secs)
15:13:19.329 [DEBUG] [org.gradle.api.internal.artifacts.ivyservice.resolveengine.store.ResolutionResultsStoreFactory] Deleted 2 resolution results binary files in 0.001 secs
15:13:19.329 [DEBUG] [org.gradle.cache.internal.DefaultCacheAccess] Cache Plugin Resolution Cache (/home/APE/ape05/APE/SimpleWebApp/gradle/caches/3.2.1/plugin-resolution) was closed 0 times.
15:13:19.329 [DEBUG] [org.gradle.api.internal.tasks.compile.daemon.CompilerDaemonManager] Stopping 0 compiler daemon(s).
15:13:19.329 [INFO] [org.gradle.api.internal.tasks.compile.daemon.CompilerDaemonManager] Stopped 0 compiler daemon(s).
15:13:19.329 [DEBUG] [org.gradle.cache.internal.DefaultCacheAccess] Cache Generated Gradle JARs cache (/home/APE/ape05/APE/SimpleWebApp/gradle/caches/3.2.1/generated-gradle-jars) was closed 0 times.
15:13:19.329 [DEBUG] [org.gradle.cache.internal.LockOnDemandCrossProcessCacheAccess] Releasing file lock for artifact cache (/home/APE/ape05/APE/SimpleWebApp/gradle/caches/modules-2)
15:13:19.330 [DEBUG] [org.gradle.cache.internal.btree.BTreePersistentIndexedCache] Closing cache module-metadata.bin (/home/APE/ape05/APE/SimpleWebApp/gradle/caches/modules-2/metadata-2.23/module-metadata.bin)
15:13:19.330 [DEBUG] [org.gradle.cache.internal.btree.BTreePersistentIndexedCache] Closing cache artifact-at-repository.bin (/home/APE/ape05/APE/SimpleWebApp/gradle/caches/modules-2/metadata-2.23/artifact-at-repository.bin)
15:13:19.335 [DEBUG] [org.gradle.cache.internal.btree.BTreePersistentIndexedCache] Closing cache module-artifacts.bin (/home/APE/ape05/APE/SimpleWebApp/gradle/caches/modules-2/metadata-2.23/module-artifacts.bin)
15:13:19.349 [DEBUG] [org.gradle.cache.internal.btree.BTreePersistentIndexedCache] Closing cache artifact-at-url.bin (/home/APE/ape05/APE/SimpleWebApp/gradle/caches/modules-2/metadata-2.23/artifact-at-url.bin)
15:13:19.363 [DEBUG] [org.gradle.cache.internal.DefaultFileLockManager] Releasing lock on artifact cache (/home/APE/ape05/APE/SimpleWebApp/gradle/caches/modules-2).
15:13:19.378 [DEBUG] [org.gradle.launcher.daemon.server.exec.ExecuteBuild] The daemon has finished executing the build.
15:13:19.387 [DEBUG] [org.gradle.launcher.daemon.server.DaemonStateCoordinator] daemon is running. Sleeping until state changes.
15:13:19.388 [DEBUG] [org.gradle.launcher.daemon.server.DaemonStateCoordinator] Command execution: finished waiting for DaemonCommandExecution[command = Build{id=3b82b352-330c-4556-b148-14295888469c.1, currentDir=/home/APE/ape05/APE/SimpleWebApp}, connection = org.gradle.launcher.daemon.server.DefaultDaemonConnection@5f8a4c4]. Result org.gradle.launcher.daemon.server.DaemonStateCoordinator@1db8879b with state Busy
15:13:19.388 [DEBUG] [org.gradle.launcher.daemon.server.DaemonStateCoordinator] Command execution: completed DaemonCommandExecution[command = Build{id=3b82b352-330c-4556-b148-14295888469c.1, currentDir=/home/APE/ape05/APE/SimpleWebApp}, connection = org.gradle.launcher.daemon.server.DefaultDaemonConnection@5f8a4c4]
15:13:19.388 [DEBUG] [org.gradle.launcher.daemon.server.DaemonStateCoordinator] updating lastActivityAt to 1484579599388
15:13:19.389 [INFO] [org.gradle.launcher.daemon.server.DaemonRegistryUpdater] Marking the daemon as idle, address: [ba6e20fc-c4ec-4da1-b4b1-6a7fdd5cce0e port:49681, addresses:[/0:0:0:0:0:0:0:1, /127.0.0.1]]
15:13:19.389 [DEBUG] [org.gradle.launcher.daemon.registry.PersistentDaemonRegistry] Marking busy by address: [ba6e20fc-c4ec-4da1-b4b1-6a7fdd5cce0e port:49681, addresses:[/0:0:0:0:0:0:0:1, /127.0.0.1]]
15:13:19.391 [DEBUG] [org.gradle.cache.internal.DefaultFileLockManager] Waiting to acquire exclusive lock on daemon addresses registry.
15:13:19.403 [DEBUG] [org.gradle.cache.internal.DefaultFileLockManager] Lock acquired.
15:13:19.415 [DEBUG] [org.gradle.cache.internal.DefaultFileLockManager] Releasing lock on daemon addresses registry.
15:13:19.431 [DEBUG] [org.gradle.launcher.daemon.server.DaemonStateCoordinator] daemon is running. Sleeping until state changes.
15:13:19.431 [DEBUG] [org.gradle.launcher.daemon.server.exec.ReturnResult] Daemon is dispatching the build result: Success[value=org.gradle.tooling.internal.provider.BuildActionResult@54d9ea0a]
15:13:19.432 [DEBUG] [org.gradle.launcher.daemon.server.SynchronizedDispatchConnection] thread 13: dispatching class org.gradle.launcher.daemon.protocol.Success
15:13:19.433 [DEBUG] [org.gradle.launcher.daemon.server.DefaultIncomingConnectionHandler] Finishing executing command: Build{id=3b82b352-330c-4556-b148-14295888469c.1, currentDir=/home/APE/ape05/APE/SimpleWebApp}
15:13:19.438 [DEBUG] [org.gradle.launcher.daemon.server.SynchronizedDispatchConnection] thread 26: received class org.gradle.launcher.daemon.protocol.Finished
15:13:19.438 [DEBUG] [org.gradle.launcher.daemon.server.DefaultDaemonConnection] thread 26: Received non-IO message from client: org.gradle.launcher.daemon.protocol.Finished@11671c2c
15:13:19.438 [DEBUG] [org.gradle.internal.remote.internal.inet.SocketConnection] Discarding EOFException: java.io.EOFException
15:13:19.439 [DEBUG] [org.gradle.launcher.daemon.server.SynchronizedDispatchConnection] thread 26: received null
15:13:19.439 [DEBUG] [org.gradle.launcher.daemon.server.DefaultDaemonConnection] thread 26: Received end-of-input from client.
15:13:19.440 [DEBUG] [org.gradle.launcher.daemon.server.DefaultIncomingConnectionHandler] Received finished message: null
15:13:19.440 [DEBUG] [org.gradle.launcher.daemon.server.SynchronizedDispatchConnection] thread 13: stopping connection
15:13:19.444 [DEBUG] [org.gradle.launcher.daemon.server.SynchronizedDispatchConnection] thread 13: stopping connection
15:13:24.441 [DEBUG] [org.gradle.launcher.daemon.server.Daemon] DaemonExpirationPeriodicCheck running
15:13:24.442 [DEBUG] [org.gradle.cache.internal.DefaultFileLockManager] Waiting to acquire shared lock on daemon addresses registry.
15:13:24.719 [DEBUG] [org.gradle.cache.internal.DefaultFileLockManager] Lock acquired.
15:13:24.720 [DEBUG] [org.gradle.cache.internal.DefaultFileLockManager] Releasing lock on daemon addresses registry.
15:13:24.722 [DEBUG] [org.gradle.cache.internal.DefaultFileLockManager] Waiting to acquire shared lock on daemon addresses registry.
15:13:24.723 [DEBUG] [org.gradle.cache.internal.DefaultFileLockManager] Lock acquired.
15:13:24.723 [DEBUG] [org.gradle.cache.internal.DefaultFileLockManager] Releasing lock on daemon addresses registry.
15:13:34.439 [DEBUG] [org.gradle.launcher.daemon.server.Daemon] DaemonExpirationPeriodicCheck running
15:13:34.442 [DEBUG] [org.gradle.cache.internal.DefaultFileLockManager] Waiting to acquire shared lock on daemon addresses registry.
15:13:34.443 [DEBUG] [org.gradle.cache.internal.DefaultFileLockManager] Lock acquired.
15:13:34.443 [DEBUG] [org.gradle.cache.internal.DefaultFileLockManager] Releasing lock on daemon addresses registry.
15:13:34.444 [INFO] [org.gradle.launcher.daemon.server.DaemonIdleTimeoutExpirationStrategy] Idle timeout: daemon has been idle for 15056 milliseconds. Expiring.
15:13:34.445 [DEBUG] [org.gradle.cache.internal.DefaultFileLockManager] Waiting to acquire shared lock on daemon addresses registry.
15:13:34.445 [DEBUG] [org.gradle.cache.internal.DefaultFileLockManager] Lock acquired.
15:13:34.446 [DEBUG] [org.gradle.cache.internal.DefaultFileLockManager] Releasing lock on daemon addresses registry.
15:13:34.447 [DEBUG] [org.gradle.cache.internal.DefaultFileLockManager] Waiting to acquire shared lock on daemon addresses registry.
15:13:34.448 [DEBUG] [org.gradle.cache.internal.DefaultFileLockManager] Lock acquired.
15:13:34.448 [DEBUG] [org.gradle.cache.internal.DefaultFileLockManager] Releasing lock on daemon addresses registry.
15:13:44.441 [DEBUG] [org.gradle.launcher.daemon.server.Daemon] DaemonExpirationPeriodicCheck running
15:13:44.444 [DEBUG] [org.gradle.cache.internal.DefaultFileLockManager] Waiting to acquire shared lock on daemon addresses registry.
15:13:44.445 [DEBUG] [org.gradle.cache.internal.DefaultFileLockManager] Lock acquired.
15:13:44.446 [DEBUG] [org.gradle.cache.internal.DefaultFileLockManager] Releasing lock on daemon addresses registry.
15:13:44.447 [INFO] [org.gradle.launcher.daemon.server.DaemonIdleTimeoutExpirationStrategy] Idle timeout: daemon has been idle for 25059 milliseconds. Expiring.
15:13:44.448 [DEBUG] [org.gradle.cache.internal.DefaultFileLockManager] Waiting to acquire shared lock on daemon addresses registry.
15:13:44.449 [DEBUG] [org.gradle.cache.internal.DefaultFileLockManager] Lock acquired.
15:13:44.450 [DEBUG] [org.gradle.cache.internal.DefaultFileLockManager] Releasing lock on daemon addresses registry.
15:13:44.452 [DEBUG] [org.gradle.cache.internal.DefaultFileLockManager] Waiting to acquire shared lock on daemon addresses registry.
15:13:44.453 [DEBUG] [org.gradle.cache.internal.DefaultFileLockManager] Lock acquired.
15:13:44.453 [DEBUG] [org.gradle.cache.internal.DefaultFileLockManager] Releasing lock on daemon addresses registry.
15:13:54.440 [DEBUG] [org.gradle.launcher.daemon.server.Daemon] DaemonExpirationPeriodicCheck running
15:13:54.442 [DEBUG] [org.gradle.cache.internal.DefaultFileLockManager] Waiting to acquire shared lock on daemon addresses registry.
15:13:54.443 [DEBUG] [org.gradle.cache.internal.DefaultFileLockManager] Lock acquired.
15:13:54.443 [DEBUG] [org.gradle.cache.internal.DefaultFileLockManager] Releasing lock on daemon addresses registry.
15:13:54.444 [INFO] [org.gradle.launcher.daemon.server.DaemonIdleTimeoutExpirationStrategy] Idle timeout: daemon has been idle for 35056 milliseconds. Expiring.
15:13:54.445 [DEBUG] [org.gradle.cache.internal.DefaultFileLockManager] Waiting to acquire shared lock on daemon addresses registry.
15:13:54.446 [DEBUG] [org.gradle.cache.internal.DefaultFileLockManager] Lock acquired.
15:13:54.446 [DEBUG] [org.gradle.cache.internal.DefaultFileLockManager] Releasing lock on daemon addresses registry.
15:13:54.448 [DEBUG] [org.gradle.cache.internal.DefaultFileLockManager] Waiting to acquire shared lock on daemon addresses registry.
15:13:54.448 [DEBUG] [org.gradle.cache.internal.DefaultFileLockManager] Lock acquired.
15:13:54.449 [DEBUG] [org.gradle.cache.internal.DefaultFileLockManager] Releasing lock on daemon addresses registry.
15:14:04.442 [DEBUG] [org.gradle.launcher.daemon.server.Daemon] DaemonExpirationPeriodicCheck running
15:14:04.444 [DEBUG] [org.gradle.cache.internal.DefaultFileLockManager] Waiting to acquire shared lock on daemon addresses registry.
15:14:04.445 [DEBUG] [org.gradle.cache.internal.DefaultFileLockManager] Lock acquired.
15:14:04.446 [DEBUG] [org.gradle.cache.internal.DefaultFileLockManager] Releasing lock on daemon addresses registry.
15:14:04.447 [INFO] [org.gradle.launcher.daemon.server.DaemonIdleTimeoutExpirationStrategy] Idle timeout: daemon has been idle for 45059 milliseconds. Expiring.
15:14:04.447 [DEBUG] [org.gradle.cache.internal.DefaultFileLockManager] Waiting to acquire shared lock on daemon addresses registry.
15:14:04.448 [DEBUG] [org.gradle.cache.internal.DefaultFileLockManager] Lock acquired.
15:14:04.449 [DEBUG] [org.gradle.cache.internal.DefaultFileLockManager] Releasing lock on daemon addresses registry.
15:14:04.450 [DEBUG] [org.gradle.cache.internal.DefaultFileLockManager] Waiting to acquire shared lock on daemon addresses registry.
15:14:04.451 [DEBUG] [org.gradle.cache.internal.DefaultFileLockManager] Lock acquired.
15:14:04.451 [DEBUG] [org.gradle.cache.internal.DefaultFileLockManager] Releasing lock on daemon addresses registry.
15:14:14.438 [DEBUG] [org.gradle.launcher.daemon.server.Daemon] DaemonExpirationPeriodicCheck running
15:14:14.440 [DEBUG] [org.gradle.cache.internal.DefaultFileLockManager] Waiting to acquire shared lock on daemon addresses registry.
15:14:14.441 [DEBUG] [org.gradle.cache.internal.DefaultFileLockManager] Lock acquired.
15:14:14.442 [DEBUG] [org.gradle.cache.internal.DefaultFileLockManager] Releasing lock on daemon addresses registry.
15:14:14.442 [INFO] [org.gradle.launcher.daemon.server.DaemonIdleTimeoutExpirationStrategy] Idle timeout: daemon has been idle for 55054 milliseconds. Expiring.
15:14:14.443 [DEBUG] [org.gradle.cache.internal.DefaultFileLockManager] Waiting to acquire shared lock on daemon addresses registry.
15:14:14.443 [DEBUG] [org.gradle.cache.internal.DefaultFileLockManager] Lock acquired.
15:14:14.444 [DEBUG] [org.gradle.cache.internal.DefaultFileLockManager] Releasing lock on daemon addresses registry.
15:14:14.445 [DEBUG] [org.gradle.cache.internal.DefaultFileLockManager] Waiting to acquire shared lock on daemon addresses registry.
15:14:14.446 [DEBUG] [org.gradle.cache.internal.DefaultFileLockManager] Lock acquired.
15:14:14.446 [DEBUG] [org.gradle.cache.internal.DefaultFileLockManager] Releasing lock on daemon addresses registry.
15:14:24.442 [DEBUG] [org.gradle.launcher.daemon.server.Daemon] DaemonExpirationPeriodicCheck running
15:14:24.445 [DEBUG] [org.gradle.cache.internal.DefaultFileLockManager] Waiting to acquire shared lock on daemon addresses registry.
15:14:24.446 [DEBUG] [org.gradle.cache.internal.DefaultFileLockManager] Lock acquired.
15:14:24.448 [DEBUG] [org.gradle.cache.internal.DefaultFileLockManager] Releasing lock on daemon addresses registry.
15:14:24.449 [INFO] [org.gradle.launcher.daemon.server.DaemonIdleTimeoutExpirationStrategy] Idle timeout: daemon has been idle for 65061 milliseconds. Expiring.
15:14:24.449 [INFO] [org.gradle.launcher.daemon.server.DaemonIdleTimeoutExpirationStrategy] Idle timeout: daemon has been idle for 65061 milliseconds. Expiring.
15:14:24.450 [DEBUG] [org.gradle.cache.internal.DefaultFileLockManager] Waiting to acquire shared lock on daemon addresses registry.
15:14:24.451 [DEBUG] [org.gradle.cache.internal.DefaultFileLockManager] Lock acquired.
15:14:24.452 [DEBUG] [org.gradle.cache.internal.DefaultFileLockManager] Releasing lock on daemon addresses registry.
15:14:24.453 [DEBUG] [org.gradle.cache.internal.DefaultFileLockManager] Waiting to acquire shared lock on daemon addresses registry.
15:14:24.454 [DEBUG] [org.gradle.cache.internal.DefaultFileLockManager] Lock acquired.
15:14:24.455 [DEBUG] [org.gradle.cache.internal.DefaultFileLockManager] Releasing lock on daemon addresses registry.
15:14:24.456 [LIFECYCLE] [org.gradle.launcher.daemon.server.DaemonStateCoordinator] Daemon will be stopped at the end of the build after being idle for 1 minutes
15:14:24.456 [DEBUG] [org.gradle.launcher.daemon.server.DaemonStateCoordinator] Marking daemon stopped due to after being idle for 1 minutes. The daemon is running a build: false
15:14:24.456 [DEBUG] [org.gradle.launcher.daemon.server.DaemonStateCoordinator] daemon has stopped.
15:14:24.457 [DEBUG] [org.gradle.launcher.daemon.server.Daemon] stop() called on daemon
15:14:24.457 [INFO] [org.gradle.launcher.daemon.server.Daemon] Stop requested. Daemon is removing its presence from the registry...
15:14:24.457 [DEBUG] [org.gradle.launcher.daemon.server.DaemonRegistryUpdater] Removing our presence to clients, eg. removing this address from the registry: [ba6e20fc-c4ec-4da1-b4b1-6a7fdd5cce0e port:49681, addresses:[/0:0:0:0:0:0:0:1, /127.0.0.1]]
15:14:24.457 [DEBUG] [org.gradle.launcher.daemon.registry.PersistentDaemonRegistry] Removing daemon address: [ba6e20fc-c4ec-4da1-b4b1-6a7fdd5cce0e port:49681, addresses:[/0:0:0:0:0:0:0:1, /127.0.0.1]]
15:14:24.458 [DEBUG] [org.gradle.cache.internal.DefaultFileLockManager] Waiting to acquire exclusive lock on daemon addresses registry.
15:14:24.464 [DEBUG] [org.gradle.cache.internal.DefaultFileLockManager] Lock acquired.
15:14:24.473 [DEBUG] [org.gradle.cache.internal.DefaultFileLockManager] Releasing lock on daemon addresses registry.
15:14:24.480 [DEBUG] [org.gradle.launcher.daemon.server.DaemonRegistryUpdater] Address removed from registry.
Daemon vm is shutting down... The daemon has exited normally or was terminated in response to a user interrupt.
15:14:24.482 [DEBUG] [org.gradle.launcher.daemon.registry.PersistentDaemonRegistry] Removing daemon address: [ba6e20fc-c4ec-4da1-b4b1-6a7fdd5cce0e port:49681, addresses:[/0:0:0:0:0:0:0:1, /127.0.0.1]]
15:14:24.484 [DEBUG] [org.gradle.cache.internal.DefaultFileLockManager] Waiting to acquire exclusive lock on daemon addresses registry.
15:14:24.489 [DEBUG] [org.gradle.cache.internal.DefaultFileLockManager] Lock acquired.
15:14:24.496 [DEBUG] [org.gradle.cache.internal.DefaultFileLockManager] Releasing lock on daemon addresses registry.
