15:05:16.917 [DEBUG] [org.gradle.launcher.daemon.bootstrap.DaemonMain] Assuming the daemon was started with following jvm opts: [-XX:MaxPermSize=256m, -XX:+HeapDumpOnOutOfMemoryError, -Xmx1024m, -Dfile.encoding=UTF-8, -Duser.country=US, -Duser.language=en, -Duser.variant]
15:05:16.979 [INFO] [org.gradle.launcher.daemon.server.Daemon] start() called on daemon - DefaultDaemonContext[uid=364d22a3-47a6-4da5-baac-b393eb6343dc,javaHome=/Library/Java/JavaVirtualMachines/jdk1.8.0_101.jdk/Contents/Home,daemonRegistryDir=/home/APE/ape05/APE/SimpleWebApp/gradle/daemon,pid=1244,idleTimeout=60000,daemonOpts=-XX:MaxPermSize=256m,-XX:+HeapDumpOnOutOfMemoryError,-Xmx1024m,-Dfile.encoding=UTF-8,-Duser.country=US,-Duser.language=en,-Duser.variant]
15:05:16.996 [DEBUG] [org.gradle.internal.remote.internal.inet.InetAddresses] Adding IP addresses for network interface en0
15:05:16.996 [DEBUG] [org.gradle.internal.remote.internal.inet.InetAddresses] Is this a loopback interface? false
15:05:16.997 [DEBUG] [org.gradle.internal.remote.internal.inet.InetAddresses] Is this a multicast interface? true
15:05:16.997 [DEBUG] [org.gradle.internal.remote.internal.inet.InetAddresses] Adding remote address /fe80:0:0:0:aa60:b6ff:fe01:8fa%en0
15:05:16.998 [DEBUG] [org.gradle.internal.remote.internal.inet.InetAddresses] Adding remote address /192.168.8.188
15:05:16.999 [DEBUG] [org.gradle.internal.remote.internal.inet.InetAddresses] Adding remote multicast interface en0
15:05:16.999 [DEBUG] [org.gradle.internal.remote.internal.inet.InetAddresses] Adding IP addresses for network interface lo0
15:05:16.999 [DEBUG] [org.gradle.internal.remote.internal.inet.InetAddresses] Is this a loopback interface? true
15:05:16.999 [DEBUG] [org.gradle.internal.remote.internal.inet.InetAddresses] Is this a multicast interface? true
15:05:17.000 [DEBUG] [org.gradle.internal.remote.internal.inet.InetAddresses] Ignoring remote address on loopback interface /fe80:0:0:0:0:0:0:1%lo0
15:05:17.000 [DEBUG] [org.gradle.internal.remote.internal.inet.InetAddresses] Adding loopback address /0:0:0:0:0:0:0:1
15:05:17.000 [DEBUG] [org.gradle.internal.remote.internal.inet.InetAddresses] Adding loopback address /127.0.0.1
15:05:17.001 [DEBUG] [org.gradle.internal.remote.internal.inet.InetAddresses] Adding loopback multicast interface lo0
15:05:17.004 [DEBUG] [org.gradle.internal.remote.internal.inet.TcpIncomingConnector] Listening on [07eb64b1-d52f-48df-97b3-b2a2a005adb0 port:49572, addresses:[/0:0:0:0:0:0:0:1, /127.0.0.1]].
15:05:17.005 [DEBUG] [org.gradle.launcher.daemon.server.Daemon] Daemon starting at: Mon Jan 16 15:05:17 GMT 2017, with address: [07eb64b1-d52f-48df-97b3-b2a2a005adb0 port:49572, addresses:[/0:0:0:0:0:0:0:1, /127.0.0.1]]
15:05:17.006 [INFO] [org.gradle.launcher.daemon.server.DaemonRegistryUpdater] Advertising the daemon address to the clients: [07eb64b1-d52f-48df-97b3-b2a2a005adb0 port:49572, addresses:[/0:0:0:0:0:0:0:1, /127.0.0.1]]
15:05:17.006 [DEBUG] [org.gradle.launcher.daemon.server.DaemonRegistryUpdater] Advertised daemon context: DefaultDaemonContext[uid=364d22a3-47a6-4da5-baac-b393eb6343dc,javaHome=/Library/Java/JavaVirtualMachines/jdk1.8.0_101.jdk/Contents/Home,daemonRegistryDir=/home/APE/ape05/APE/SimpleWebApp/gradle/daemon,pid=1244,idleTimeout=60000,daemonOpts=-XX:MaxPermSize=256m,-XX:+HeapDumpOnOutOfMemoryError,-Xmx1024m,-Dfile.encoding=UTF-8,-Duser.country=US,-Duser.language=en,-Duser.variant]
15:05:17.007 [DEBUG] [org.gradle.launcher.daemon.registry.PersistentDaemonRegistry] Storing daemon address: [07eb64b1-d52f-48df-97b3-b2a2a005adb0 port:49572, addresses:[/0:0:0:0:0:0:0:1, /127.0.0.1]], context: DefaultDaemonContext[uid=364d22a3-47a6-4da5-baac-b393eb6343dc,javaHome=/Library/Java/JavaVirtualMachines/jdk1.8.0_101.jdk/Contents/Home,daemonRegistryDir=/home/APE/ape05/APE/SimpleWebApp/gradle/daemon,pid=1244,idleTimeout=60000,daemonOpts=-XX:MaxPermSize=256m,-XX:+HeapDumpOnOutOfMemoryError,-Xmx1024m,-Dfile.encoding=UTF-8,-Duser.country=US,-Duser.language=en,-Duser.variant]
15:05:17.016 [DEBUG] [org.gradle.cache.internal.DefaultFileLockManager] Waiting to acquire exclusive lock on daemon addresses registry.
15:05:17.024 [DEBUG] [org.gradle.cache.internal.DefaultFileLockManager] Lock acquired.
15:05:17.036 [DEBUG] [org.gradle.cache.internal.DefaultFileLockManager] Releasing lock on daemon addresses registry.
15:05:17.043 [LIFECYCLE] [org.gradle.launcher.daemon.server.Daemon] Daemon server started.
15:05:17.044 [DEBUG] [org.gradle.launcher.daemon.bootstrap.DaemonStartupCommunication] Completed writing the daemon greeting. Closing streams...
15:05:17.058 [DEBUG] [org.gradle.internal.remote.internal.inet.TcpIncomingConnector] Accepted connection from /127.0.0.1:49573 to /127.0.0.1:49572.
15:05:17.117 [INFO] [org.gradle.process.internal.DefaultExecHandle] Starting process 'command '/usr/bin/vm_stat''. Working directory: /home/APE/ape05/APE/SimpleWebApp/gradle/daemon/3.3 Command: /usr/bin/vm_stat 
15:05:17.117 [DEBUG] [org.gradle.process.internal.DefaultExecHandle] Environment for process 'command '/usr/bin/vm_stat'': {PATH=/usr/bin:/bin:/usr/sbin:/sbin, SHELL=/bin/bash, SECURITYSESSIONID=186a8, USER=ape05, TMPDIR=/var/folders/kx/2fb191fx0l175hpgd_0qj6m40005x7/T/, COMMAND_MODE=unix2003, SSH_AUTH_SOCK=/private/tmp/com.apple.launchd.bpz9xnIFPr/Listeners, DISPLAY=/private/tmp/com.apple.launchd.a7tNzUJON5/org.macosforge.xquartz:0, XPC_FLAGS=0x0, JAVA_MAIN_CLASS_1244=org.gradle.launcher.daemon.bootstrap.GradleDaemon, __CF_USER_TEXT_ENCODING=0x17A7:0:0, Apple_PubSub_Socket_Render=/private/tmp/com.apple.launchd.j4g4K1FbSZ/Render, LOGNAME=ape05, XPC_SERVICE_NAME=com.apple.xpc.launchd.oneshot.0x10000002.idea, HOME=/home/APE/ape05}
15:05:17.118 [DEBUG] [org.gradle.process.internal.DefaultExecHandle] Changing state to: STARTING
15:05:17.119 [DEBUG] [org.gradle.process.internal.DefaultExecHandle] Waiting until process started: command '/usr/bin/vm_stat'.
15:05:17.147 [DEBUG] [org.gradle.process.internal.DefaultExecHandle] Changing state to: STARTED
15:05:17.147 [DEBUG] [org.gradle.process.internal.ExecHandleRunner] waiting until streams are handled...
15:05:17.147 [INFO] [org.gradle.process.internal.DefaultExecHandle] Successfully started process 'command '/usr/bin/vm_stat''
15:05:17.148 [DEBUG] [org.gradle.process.internal.DefaultExecHandle] Changing state to: SUCCEEDED
15:05:17.149 [DEBUG] [org.gradle.process.internal.DefaultExecHandle] Process 'command '/usr/bin/vm_stat'' finished with exit value 0 (state: SUCCEEDED)
15:05:17.150 [DEBUG] [org.gradle.launcher.daemon.server.Daemon] stopOnExpiration() called on daemon
15:05:17.151 [DEBUG] [org.gradle.launcher.daemon.server.Daemon] awaitExpiration() called on daemon
15:05:17.152 [DEBUG] [org.gradle.launcher.daemon.server.DaemonStateCoordinator] daemon is running. Sleeping until state changes.
15:05:17.167 [DEBUG] [org.gradle.launcher.daemon.server.SynchronizedDispatchConnection] thread 14: received class org.gradle.launcher.daemon.protocol.Build
15:05:17.167 [DEBUG] [org.gradle.launcher.daemon.server.DefaultDaemonConnection] thread 14: Received non-IO message from client: Build{id=2f16c0ce-76d1-49a2-ace5-972a11fbf794.1, currentDir=/home/APE/ape05/APE/SimpleWebApp}
15:05:17.167 [INFO] [org.gradle.launcher.daemon.server.DefaultIncomingConnectionHandler] Received command: Build{id=2f16c0ce-76d1-49a2-ace5-972a11fbf794.1, currentDir=/home/APE/ape05/APE/SimpleWebApp}.
15:05:17.168 [DEBUG] [org.gradle.launcher.daemon.server.DefaultIncomingConnectionHandler] Starting executing command: Build{id=2f16c0ce-76d1-49a2-ace5-972a11fbf794.1, currentDir=/home/APE/ape05/APE/SimpleWebApp} with connection: socket connection from /127.0.0.1:49572 to /127.0.0.1:49573.
15:05:17.170 [ERROR] [org.gradle.launcher.daemon.server.DaemonStateCoordinator] Command execution: started DaemonCommandExecution[command = Build{id=2f16c0ce-76d1-49a2-ace5-972a11fbf794.1, currentDir=/home/APE/ape05/APE/SimpleWebApp}, connection = DefaultDaemonConnection: socket connection from /127.0.0.1:49572 to /127.0.0.1:49573] after 0.0 minutes of idle
15:05:17.170 [INFO] [org.gradle.launcher.daemon.server.DaemonRegistryUpdater] Marking the daemon as busy, address: [07eb64b1-d52f-48df-97b3-b2a2a005adb0 port:49572, addresses:[/0:0:0:0:0:0:0:1, /127.0.0.1]]
15:05:17.171 [DEBUG] [org.gradle.launcher.daemon.registry.PersistentDaemonRegistry] Marking busy by address: [07eb64b1-d52f-48df-97b3-b2a2a005adb0 port:49572, addresses:[/0:0:0:0:0:0:0:1, /127.0.0.1]]
15:05:17.172 [DEBUG] [org.gradle.cache.internal.DefaultFileLockManager] Waiting to acquire exclusive lock on daemon addresses registry.
15:05:18.531 [DEBUG] [org.gradle.cache.internal.DefaultFileLockManager] Lock acquired.
15:05:18.597 [DEBUG] [org.gradle.cache.internal.DefaultFileLockManager] Releasing lock on daemon addresses registry.
15:05:18.823 [DEBUG] [org.gradle.launcher.daemon.server.DaemonStateCoordinator] resetting idle timer
15:05:18.823 [DEBUG] [org.gradle.launcher.daemon.server.DaemonStateCoordinator] daemon is running. Sleeping until state changes.
15:05:18.824 [INFO] [org.gradle.launcher.daemon.server.exec.StartBuildOrRespondWithBusy] Daemon is about to start building Build{id=2f16c0ce-76d1-49a2-ace5-972a11fbf794.1, currentDir=/home/APE/ape05/APE/SimpleWebApp}. Dispatching build started information...
15:05:18.824 [DEBUG] [org.gradle.launcher.daemon.server.SynchronizedDispatchConnection] thread 22: dispatching class org.gradle.launcher.daemon.protocol.BuildStarted
15:05:18.829 [DEBUG] [org.gradle.launcher.daemon.server.exec.EstablishBuildEnvironment] Configuring env variables: {PATH=/usr/bin:/bin:/usr/sbin:/sbin, SHELL=/bin/bash, SECURITYSESSIONID=186a8, USER=ape05, COMMAND_MODE=unix2003, TMPDIR=/var/folders/kx/2fb191fx0l175hpgd_0qj6m40005x7/T/, SSH_AUTH_SOCK=/private/tmp/com.apple.launchd.bpz9xnIFPr/Listeners, DISPLAY=/private/tmp/com.apple.launchd.a7tNzUJON5/org.macosforge.xquartz:0, XPC_FLAGS=0x0, __CF_USER_TEXT_ENCODING=0x17A7:0:0, Apple_PubSub_Socket_Render=/private/tmp/com.apple.launchd.j4g4K1FbSZ/Render, LOGNAME=ape05, XPC_SERVICE_NAME=com.apple.xpc.launchd.oneshot.0x10000002.idea, HOME=/home/APE/ape05}
15:05:18.832 [DEBUG] [org.gradle.launcher.daemon.server.exec.LogToClient] About to start relaying all logs to the client via the connection.
15:05:18.833 [INFO] [org.gradle.launcher.daemon.server.exec.LogToClient] The client will now receive all logging from the daemon (pid: 1244). The daemon log file: /home/APE/ape05/APE/SimpleWebApp/gradle/daemon/3.3/daemon-1244.out.log
15:05:18.834 [DEBUG] [org.gradle.launcher.daemon.server.SynchronizedDispatchConnection] thread 14: received class org.gradle.launcher.daemon.protocol.CloseInput
15:05:18.834 [DEBUG] [org.gradle.launcher.daemon.server.DefaultDaemonConnection] thread 14: Received IO message from client: org.gradle.launcher.daemon.protocol.CloseInput@53a5a4f8
15:05:18.835 [INFO] [org.gradle.launcher.daemon.server.exec.LogAndCheckHealth] Starting build in new daemon [memory: 954.7 MB]
15:05:18.836 [INFO] [org.gradle.launcher.daemon.server.exec.ForwardClientInput] Closing daemon's stdin at end of input.
15:05:18.836 [INFO] [org.gradle.launcher.daemon.server.exec.ForwardClientInput] The daemon will no longer process any standard input.
15:05:18.839 [DEBUG] [org.gradle.launcher.daemon.server.exec.ExecuteBuild] The daemon has started executing the build.
15:05:18.839 [INFO] [org.gradle.launcher.daemon.server.exec.ExecuteBuild] Executing build with daemon context: DefaultDaemonContext[uid=364d22a3-47a6-4da5-baac-b393eb6343dc,javaHome=/Library/Java/JavaVirtualMachines/jdk1.8.0_101.jdk/Contents/Home,daemonRegistryDir=/home/APE/ape05/APE/SimpleWebApp/gradle/daemon,pid=1244,idleTimeout=60000,daemonOpts=-XX:MaxPermSize=256m,-XX:+HeapDumpOnOutOfMemoryError,-Xmx1024m,-Dfile.encoding=UTF-8,-Duser.country=US,-Duser.language=en,-Duser.variant]
15:05:18.982 [INFO] [org.gradle.cache.internal.DefaultCacheAccess] Creating new cache for plugin-use-metadata, path /home/APE/ape05/APE/SimpleWebApp/gradle/caches/3.3/plugin-resolution/plugin-use-metadata.bin, access org.gradle.cache.internal.DefaultCacheAccess@5a8d628b
15:05:18.984 [INFO] [org.gradle.cache.internal.DefaultCacheAccess] Creating new cache for client-status, path /home/APE/ape05/APE/SimpleWebApp/gradle/caches/3.3/plugin-resolution/client-status.bin, access org.gradle.cache.internal.DefaultCacheAccess@5a8d628b

CONFIGURE SUCCESSFUL

Total time: 8.549 secs
Could not resolve: javax.servlet:servlet-api:2.5
Could not resolve: junit:junit:4.12
Could not resolve: org.eclipse.jetty:jetty-servlet:9.2.14.v20151106
15:05:24.267 [DEBUG] [org.gradle.cache.internal.DefaultCacheAccess] Cache task history cache (/home/APE/ape05/APE/SimpleWebApp/.gradle/3.3/taskArtifacts) was closed 0 times.
15:05:24.269 [DEBUG] [org.gradle.api.internal.artifacts.ivyservice.resolveengine.store.CachedStoreFactory] Resolution result cache closed. Cache reads: 0, disk reads: 0 (avg: 0.0 secs, total: 0.0 secs)
15:05:24.269 [DEBUG] [org.gradle.api.internal.artifacts.ivyservice.resolveengine.store.CachedStoreFactory] Resolution result cache closed. Cache reads: 28, disk reads: 6 (avg: 0.001 secs, total: 0.011 secs)
15:05:24.270 [DEBUG] [org.gradle.api.internal.artifacts.ivyservice.resolveengine.store.ResolutionResultsStoreFactory] Deleted 2 resolution results binary files in 0.001 secs
15:05:24.270 [DEBUG] [org.gradle.cache.internal.DefaultCacheAccess] Cache Plugin Resolution Cache (/home/APE/ape05/APE/SimpleWebApp/gradle/caches/3.3/plugin-resolution) was closed 0 times.
15:05:24.270 [DEBUG] [org.gradle.process.internal.daemon.WorkerDaemonManager] Stopping 0 worker daemon(s).
15:05:24.270 [INFO] [org.gradle.process.internal.daemon.WorkerDaemonManager] Stopped 0 worker daemon(s).
15:05:24.271 [DEBUG] [org.gradle.cache.internal.DefaultCacheAccess] Cache Generated Gradle JARs cache (/home/APE/ape05/APE/SimpleWebApp/gradle/caches/3.3/generated-gradle-jars) was closed 0 times.
15:05:24.271 [DEBUG] [org.gradle.cache.internal.LockOnDemandCrossProcessCacheAccess] Releasing file lock for artifact cache (/home/APE/ape05/APE/SimpleWebApp/gradle/caches/modules-2)
15:05:24.271 [DEBUG] [org.gradle.cache.internal.btree.BTreePersistentIndexedCache] Closing cache module-metadata.bin (/home/APE/ape05/APE/SimpleWebApp/gradle/caches/modules-2/metadata-2.23/module-metadata.bin)
15:05:24.272 [DEBUG] [org.gradle.cache.internal.DefaultFileLockManager] Releasing lock on artifact cache (/home/APE/ape05/APE/SimpleWebApp/gradle/caches/modules-2).
15:05:24.282 [DEBUG] [org.gradle.launcher.daemon.server.exec.ExecuteBuild] The daemon has finished executing the build.
15:05:24.296 [DEBUG] [org.gradle.launcher.daemon.server.DaemonStateCoordinator] daemon is running. Sleeping until state changes.
15:05:24.296 [DEBUG] [org.gradle.launcher.daemon.server.DaemonStateCoordinator] Command execution: finished waiting for DaemonCommandExecution[command = Build{id=2f16c0ce-76d1-49a2-ace5-972a11fbf794.1, currentDir=/home/APE/ape05/APE/SimpleWebApp}, connection = DefaultDaemonConnection: socket connection from /127.0.0.1:49572 to /127.0.0.1:49573]. Result org.gradle.launcher.daemon.server.DaemonStateCoordinator@1c610df4 with state Busy
15:05:24.297 [DEBUG] [org.gradle.launcher.daemon.server.DaemonStateCoordinator] Command execution: completed DaemonCommandExecution[command = Build{id=2f16c0ce-76d1-49a2-ace5-972a11fbf794.1, currentDir=/home/APE/ape05/APE/SimpleWebApp}, connection = DefaultDaemonConnection: socket connection from /127.0.0.1:49572 to /127.0.0.1:49573]
15:05:24.297 [DEBUG] [org.gradle.launcher.daemon.server.DaemonStateCoordinator] resetting idle timer
15:05:24.297 [INFO] [org.gradle.launcher.daemon.server.DaemonRegistryUpdater] Marking the daemon as idle, address: [07eb64b1-d52f-48df-97b3-b2a2a005adb0 port:49572, addresses:[/0:0:0:0:0:0:0:1, /127.0.0.1]]
15:05:24.297 [DEBUG] [org.gradle.launcher.daemon.registry.PersistentDaemonRegistry] Marking busy by address: [07eb64b1-d52f-48df-97b3-b2a2a005adb0 port:49572, addresses:[/0:0:0:0:0:0:0:1, /127.0.0.1]]
15:05:24.299 [DEBUG] [org.gradle.cache.internal.DefaultFileLockManager] Waiting to acquire exclusive lock on daemon addresses registry.
15:05:24.305 [DEBUG] [org.gradle.cache.internal.DefaultFileLockManager] Lock acquired.
15:05:24.315 [DEBUG] [org.gradle.cache.internal.DefaultFileLockManager] Releasing lock on daemon addresses registry.
15:05:24.324 [DEBUG] [org.gradle.launcher.daemon.server.DaemonStateCoordinator] daemon is running. Sleeping until state changes.
15:05:24.324 [DEBUG] [org.gradle.launcher.daemon.server.exec.ReturnResult] Daemon is dispatching the build result: Success[value=org.gradle.tooling.internal.provider.BuildActionResult@74f7e37d]
15:05:24.324 [DEBUG] [org.gradle.launcher.daemon.server.SynchronizedDispatchConnection] thread 13: dispatching class org.gradle.launcher.daemon.protocol.Success
15:05:24.330 [DEBUG] [org.gradle.launcher.daemon.server.DefaultIncomingConnectionHandler] Finishing executing command: Build{id=2f16c0ce-76d1-49a2-ace5-972a11fbf794.1, currentDir=/home/APE/ape05/APE/SimpleWebApp}
15:05:24.349 [DEBUG] [org.gradle.launcher.daemon.server.SynchronizedDispatchConnection] thread 14: received class org.gradle.launcher.daemon.protocol.Finished
15:05:24.350 [DEBUG] [org.gradle.launcher.daemon.server.DefaultDaemonConnection] thread 14: Received non-IO message from client: org.gradle.launcher.daemon.protocol.Finished@2bbc601a
15:05:24.350 [DEBUG] [org.gradle.internal.remote.internal.inet.SocketConnection] Discarding EOFException: java.io.EOFException
15:05:24.350 [DEBUG] [org.gradle.launcher.daemon.server.SynchronizedDispatchConnection] thread 14: received null
15:05:24.350 [DEBUG] [org.gradle.launcher.daemon.server.DefaultDaemonConnection] thread 14: Received end-of-input from client.
15:05:24.351 [DEBUG] [org.gradle.launcher.daemon.server.DefaultIncomingConnectionHandler] Received finished message: null
15:05:24.351 [DEBUG] [org.gradle.launcher.daemon.server.SynchronizedDispatchConnection] thread 13: stopping connection
15:05:24.353 [DEBUG] [org.gradle.launcher.daemon.server.SynchronizedDispatchConnection] thread 13: stopping connection
15:05:27.156 [DEBUG] [org.gradle.launcher.daemon.server.Daemon] DaemonExpirationPeriodicCheck running
15:05:27.159 [DEBUG] [org.gradle.cache.internal.DefaultFileLockManager] Waiting to acquire shared lock on daemon addresses registry.
15:05:27.160 [DEBUG] [org.gradle.cache.internal.DefaultFileLockManager] Lock acquired.
15:05:27.161 [DEBUG] [org.gradle.cache.internal.DefaultFileLockManager] Releasing lock on daemon addresses registry.
15:05:27.162 [DEBUG] [org.gradle.cache.internal.DefaultFileLockManager] Waiting to acquire shared lock on daemon addresses registry.
15:05:27.163 [DEBUG] [org.gradle.cache.internal.DefaultFileLockManager] Lock acquired.
15:05:27.164 [DEBUG] [org.gradle.cache.internal.DefaultFileLockManager] Releasing lock on daemon addresses registry.
15:05:37.156 [DEBUG] [org.gradle.launcher.daemon.server.Daemon] DaemonExpirationPeriodicCheck running
15:05:37.159 [DEBUG] [org.gradle.cache.internal.DefaultFileLockManager] Waiting to acquire shared lock on daemon addresses registry.
15:05:37.160 [DEBUG] [org.gradle.cache.internal.DefaultFileLockManager] Lock acquired.
15:05:37.161 [DEBUG] [org.gradle.cache.internal.DefaultFileLockManager] Releasing lock on daemon addresses registry.
15:05:37.162 [INFO] [org.gradle.launcher.daemon.server.DaemonIdleTimeoutExpirationStrategy] Idle timeout: daemon has been idle for 12865 milliseconds. Expiring.
15:05:37.163 [DEBUG] [org.gradle.cache.internal.DefaultFileLockManager] Waiting to acquire shared lock on daemon addresses registry.
15:05:37.164 [DEBUG] [org.gradle.cache.internal.DefaultFileLockManager] Lock acquired.
15:05:37.164 [DEBUG] [org.gradle.cache.internal.DefaultFileLockManager] Releasing lock on daemon addresses registry.
15:05:37.166 [DEBUG] [org.gradle.cache.internal.DefaultFileLockManager] Waiting to acquire shared lock on daemon addresses registry.
15:05:37.167 [DEBUG] [org.gradle.cache.internal.DefaultFileLockManager] Lock acquired.
15:05:37.168 [DEBUG] [org.gradle.cache.internal.DefaultFileLockManager] Releasing lock on daemon addresses registry.
15:05:47.153 [DEBUG] [org.gradle.launcher.daemon.server.Daemon] DaemonExpirationPeriodicCheck running
15:05:47.156 [DEBUG] [org.gradle.cache.internal.DefaultFileLockManager] Waiting to acquire shared lock on daemon addresses registry.
15:05:47.157 [DEBUG] [org.gradle.cache.internal.DefaultFileLockManager] Lock acquired.
15:05:47.157 [DEBUG] [org.gradle.cache.internal.DefaultFileLockManager] Releasing lock on daemon addresses registry.
15:05:47.158 [INFO] [org.gradle.launcher.daemon.server.DaemonIdleTimeoutExpirationStrategy] Idle timeout: daemon has been idle for 22861 milliseconds. Expiring.
15:05:47.159 [DEBUG] [org.gradle.cache.internal.DefaultFileLockManager] Waiting to acquire shared lock on daemon addresses registry.
15:05:47.160 [DEBUG] [org.gradle.cache.internal.DefaultFileLockManager] Lock acquired.
15:05:47.160 [DEBUG] [org.gradle.cache.internal.DefaultFileLockManager] Releasing lock on daemon addresses registry.
15:05:47.161 [DEBUG] [org.gradle.cache.internal.DefaultFileLockManager] Waiting to acquire shared lock on daemon addresses registry.
15:05:47.162 [DEBUG] [org.gradle.cache.internal.DefaultFileLockManager] Lock acquired.
15:05:47.162 [DEBUG] [org.gradle.cache.internal.DefaultFileLockManager] Releasing lock on daemon addresses registry.
15:05:57.151 [DEBUG] [org.gradle.launcher.daemon.server.Daemon] DaemonExpirationPeriodicCheck running
15:05:57.155 [DEBUG] [org.gradle.cache.internal.DefaultFileLockManager] Waiting to acquire shared lock on daemon addresses registry.
15:05:57.155 [DEBUG] [org.gradle.cache.internal.DefaultFileLockManager] Lock acquired.
15:05:57.156 [DEBUG] [org.gradle.cache.internal.DefaultFileLockManager] Releasing lock on daemon addresses registry.
15:05:57.157 [INFO] [org.gradle.launcher.daemon.server.DaemonIdleTimeoutExpirationStrategy] Idle timeout: daemon has been idle for 32860 milliseconds. Expiring.
15:05:57.158 [DEBUG] [org.gradle.cache.internal.DefaultFileLockManager] Waiting to acquire shared lock on daemon addresses registry.
15:05:57.159 [DEBUG] [org.gradle.cache.internal.DefaultFileLockManager] Lock acquired.
15:05:57.159 [DEBUG] [org.gradle.cache.internal.DefaultFileLockManager] Releasing lock on daemon addresses registry.
15:05:57.160 [DEBUG] [org.gradle.cache.internal.DefaultFileLockManager] Waiting to acquire shared lock on daemon addresses registry.
15:05:57.161 [DEBUG] [org.gradle.cache.internal.DefaultFileLockManager] Lock acquired.
15:05:57.162 [DEBUG] [org.gradle.cache.internal.DefaultFileLockManager] Releasing lock on daemon addresses registry.
15:06:07.152 [DEBUG] [org.gradle.launcher.daemon.server.Daemon] DaemonExpirationPeriodicCheck running
15:06:07.155 [DEBUG] [org.gradle.cache.internal.DefaultFileLockManager] Waiting to acquire shared lock on daemon addresses registry.
15:06:07.156 [DEBUG] [org.gradle.cache.internal.DefaultFileLockManager] Lock acquired.
15:06:07.156 [DEBUG] [org.gradle.cache.internal.DefaultFileLockManager] Releasing lock on daemon addresses registry.
15:06:07.157 [INFO] [org.gradle.launcher.daemon.server.DaemonIdleTimeoutExpirationStrategy] Idle timeout: daemon has been idle for 42860 milliseconds. Expiring.
15:06:07.158 [DEBUG] [org.gradle.cache.internal.DefaultFileLockManager] Waiting to acquire shared lock on daemon addresses registry.
15:06:07.159 [DEBUG] [org.gradle.cache.internal.DefaultFileLockManager] Lock acquired.
15:06:07.159 [DEBUG] [org.gradle.cache.internal.DefaultFileLockManager] Releasing lock on daemon addresses registry.
15:06:07.161 [DEBUG] [org.gradle.cache.internal.DefaultFileLockManager] Waiting to acquire shared lock on daemon addresses registry.
15:06:07.161 [DEBUG] [org.gradle.cache.internal.DefaultFileLockManager] Lock acquired.
15:06:07.162 [DEBUG] [org.gradle.cache.internal.DefaultFileLockManager] Releasing lock on daemon addresses registry.
15:06:17.155 [DEBUG] [org.gradle.launcher.daemon.server.Daemon] DaemonExpirationPeriodicCheck running
15:06:17.159 [DEBUG] [org.gradle.cache.internal.DefaultFileLockManager] Waiting to acquire shared lock on daemon addresses registry.
15:06:17.160 [DEBUG] [org.gradle.cache.internal.DefaultFileLockManager] Lock acquired.
15:06:17.161 [DEBUG] [org.gradle.cache.internal.DefaultFileLockManager] Releasing lock on daemon addresses registry.
15:06:17.162 [INFO] [org.gradle.launcher.daemon.server.DaemonIdleTimeoutExpirationStrategy] Idle timeout: daemon has been idle for 52865 milliseconds. Expiring.
15:06:17.162 [DEBUG] [org.gradle.cache.internal.DefaultFileLockManager] Waiting to acquire shared lock on daemon addresses registry.
15:06:17.163 [DEBUG] [org.gradle.cache.internal.DefaultFileLockManager] Lock acquired.
15:06:17.164 [DEBUG] [org.gradle.cache.internal.DefaultFileLockManager] Releasing lock on daemon addresses registry.
15:06:17.165 [DEBUG] [org.gradle.cache.internal.DefaultFileLockManager] Waiting to acquire shared lock on daemon addresses registry.
15:06:17.166 [DEBUG] [org.gradle.cache.internal.DefaultFileLockManager] Lock acquired.
15:06:17.166 [DEBUG] [org.gradle.cache.internal.DefaultFileLockManager] Releasing lock on daemon addresses registry.
15:06:27.154 [DEBUG] [org.gradle.launcher.daemon.server.Daemon] DaemonExpirationPeriodicCheck running
15:06:27.158 [DEBUG] [org.gradle.cache.internal.DefaultFileLockManager] Waiting to acquire shared lock on daemon addresses registry.
15:06:27.159 [DEBUG] [org.gradle.cache.internal.DefaultFileLockManager] Lock acquired.
15:06:27.160 [DEBUG] [org.gradle.cache.internal.DefaultFileLockManager] Releasing lock on daemon addresses registry.
15:06:27.161 [INFO] [org.gradle.launcher.daemon.server.DaemonIdleTimeoutExpirationStrategy] Idle timeout: daemon has been idle for 62864 milliseconds. Expiring.
15:06:27.161 [INFO] [org.gradle.launcher.daemon.server.DaemonIdleTimeoutExpirationStrategy] Idle timeout: daemon has been idle for 62864 milliseconds. Expiring.
15:06:27.162 [DEBUG] [org.gradle.cache.internal.DefaultFileLockManager] Waiting to acquire shared lock on daemon addresses registry.
15:06:27.163 [DEBUG] [org.gradle.cache.internal.DefaultFileLockManager] Lock acquired.
15:06:27.163 [DEBUG] [org.gradle.cache.internal.DefaultFileLockManager] Releasing lock on daemon addresses registry.
15:06:27.165 [DEBUG] [org.gradle.cache.internal.DefaultFileLockManager] Waiting to acquire shared lock on daemon addresses registry.
15:06:27.166 [DEBUG] [org.gradle.cache.internal.DefaultFileLockManager] Lock acquired.
15:06:27.167 [DEBUG] [org.gradle.cache.internal.DefaultFileLockManager] Releasing lock on daemon addresses registry.
15:06:27.168 [LIFECYCLE] [org.gradle.launcher.daemon.server.DaemonStateCoordinator] Daemon will be stopped at the end of the build after being idle for 1 minutes
15:06:27.168 [DEBUG] [org.gradle.launcher.daemon.server.DaemonStateCoordinator] Marking daemon stopped due to after being idle for 1 minutes. The daemon is running a build: false
15:06:27.168 [DEBUG] [org.gradle.launcher.daemon.server.DaemonStateCoordinator] daemon has stopped.
15:06:27.168 [DEBUG] [org.gradle.launcher.daemon.server.Daemon] stop() called on daemon
15:06:27.168 [INFO] [org.gradle.launcher.daemon.server.Daemon] Stop requested. Daemon is removing its presence from the registry...
15:06:27.169 [DEBUG] [org.gradle.launcher.daemon.server.DaemonRegistryUpdater] Removing our presence to clients, eg. removing this address from the registry: [07eb64b1-d52f-48df-97b3-b2a2a005adb0 port:49572, addresses:[/0:0:0:0:0:0:0:1, /127.0.0.1]]
15:06:27.169 [DEBUG] [org.gradle.launcher.daemon.registry.PersistentDaemonRegistry] Removing daemon address: [07eb64b1-d52f-48df-97b3-b2a2a005adb0 port:49572, addresses:[/0:0:0:0:0:0:0:1, /127.0.0.1]]
15:06:27.170 [DEBUG] [org.gradle.cache.internal.DefaultFileLockManager] Waiting to acquire exclusive lock on daemon addresses registry.
15:06:27.179 [DEBUG] [org.gradle.cache.internal.DefaultFileLockManager] Lock acquired.
15:06:27.188 [DEBUG] [org.gradle.cache.internal.DefaultFileLockManager] Releasing lock on daemon addresses registry.
15:06:27.195 [DEBUG] [org.gradle.launcher.daemon.server.DaemonRegistryUpdater] Address removed from registry.
Daemon vm is shutting down... The daemon has exited normally or was terminated in response to a user interrupt.
15:06:27.197 [DEBUG] [org.gradle.launcher.daemon.registry.PersistentDaemonRegistry] Removing daemon address: [07eb64b1-d52f-48df-97b3-b2a2a005adb0 port:49572, addresses:[/0:0:0:0:0:0:0:1, /127.0.0.1]]
15:06:27.198 [DEBUG] [org.gradle.cache.internal.DefaultFileLockManager] Waiting to acquire exclusive lock on daemon addresses registry.
15:06:27.207 [DEBUG] [org.gradle.cache.internal.DefaultFileLockManager] Lock acquired.
15:06:27.226 [DEBUG] [org.gradle.cache.internal.DefaultFileLockManager] Releasing lock on daemon addresses registry.
